L 09/22/2016 - 01:36:18: Start of error session.
L 09/22/2016 - 01:36:18: Info (map "ze_chaka_escape") (file "addons/amxmodx/logs/error_20160922.log")
L 09/22/2016 - 01:36:18: [AMXX] Plugin ("ze_showescapebutton.amxx") is setting itself as failed.
L 09/22/2016 - 01:36:18: [AMXX] Plugin says: [ZE] Zombie Escape Button not found.
L 09/22/2016 - 01:36:18: [AMXX] Run time error 1 (plugin "ze_showescapebutton.amxx") - forced exit
L 09/22/2016 - 02:01:22: Start of error session.
L 09/22/2016 - 02:01:22: Info (map "ze_egypt_two_lg") (file "addons/amxmodx/logs/error_20160922.log")
L 09/22/2016 - 02:01:22: [AMXX] Plugin ("ze_showescapebutton.amxx") is setting itself as failed.
L 09/22/2016 - 02:01:22: [AMXX] Plugin says: [ZE] Zombie Escape Button not found.
L 09/22/2016 - 02:01:22: [AMXX] Run time error 1 (plugin "ze_showescapebutton.amxx") - forced exit
L 09/22/2016 - 07:52:16: Start of error session.
L 09/22/2016 - 07:52:16: Info (map "ze_chaka_escape") (file "addons/amxmodx/logs/error_20160922.log")
L 09/22/2016 - 07:52:16: [AMXX] Plugin ("ze_showescapebutton.amxx") is setting itself as failed.
L 09/22/2016 - 07:52:16: [AMXX] Plugin says: [ZE] Zombie Escape Button not found.
L 09/22/2016 - 07:52:16: [AMXX] Run time error 1 (plugin "ze_showescapebutton.amxx") - forced exit
L 09/22/2016 - 08:17:20: Start of error session.
L 09/22/2016 - 08:17:20: Info (map "ze_egypt_two_lg") (file "addons/amxmodx/logs/error_20160922.log")
L 09/22/2016 - 08:17:20: [AMXX] Plugin ("ze_showescapebutton.amxx") is setting itself as failed.
L 09/22/2016 - 08:17:20: [AMXX] Plugin says: [ZE] Zombie Escape Button not found.
L 09/22/2016 - 08:17:20: [AMXX] Run time error 1 (plugin "ze_showescapebutton.amxx") - forced exit
L 09/22/2016 - 12:02:57: Start of error session.
L 09/22/2016 - 12:02:57: Info (map "ze_chaka_escape") (file "addons/amxmodx/logs/error_20160922.log")
L 09/22/2016 - 12:02:57: [AMXX] Plugin ("ze_showescapebutton.amxx") is setting itself as failed.
L 09/22/2016 - 12:02:57: [AMXX] Plugin says: [ZE] Zombie Escape Button not found.
L 09/22/2016 - 12:02:57: [AMXX] Run time error 1 (plugin "ze_showescapebutton.amxx") - forced exit
L 09/22/2016 - 12:28:02: Start of error session.
L 09/22/2016 - 12:28:02: Info (map "ze_egypt_two_lg") (file "addons/amxmodx/logs/error_20160922.log")
L 09/22/2016 - 12:28:02: [AMXX] Plugin ("ze_showescapebutton.amxx") is setting itself as failed.
L 09/22/2016 - 12:28:02: [AMXX] Plugin says: [ZE] Zombie Escape Button not found.
L 09/22/2016 - 12:28:02: [AMXX] Run time error 1 (plugin "ze_showescapebutton.amxx") - forced exit
L 09/22/2016 - 15:24:41: Start of error session.
L 09/22/2016 - 15:24:41: Info (map "ze_chaka_escape") (file "addons/amxmodx/logs/error_20160922.log")
L 09/22/2016 - 15:24:41: [AMXX] Plugin ("ze_showescapebutton.amxx") is setting itself as failed.
L 09/22/2016 - 15:24:41: [AMXX] Plugin says: [ZE] Zombie Escape Button not found.
L 09/22/2016 - 15:24:41: [AMXX] Run time error 1 (plugin "ze_showescapebutton.amxx") - forced exit
L 09/22/2016 - 15:49:45: Start of error session.
L 09/22/2016 - 15:49:45: Info (map "ze_egypt_two_lg") (file "addons/amxmodx/logs/error_20160922.log")
L 09/22/2016 - 15:49:45: [AMXX] Plugin ("ze_showescapebutton.amxx") is setting itself as failed.
L 09/22/2016 - 15:49:45: [AMXX] Plugin says: [ZE] Zombie Escape Button not found.
L 09/22/2016 - 15:49:45: [AMXX] Run time error 1 (plugin "ze_showescapebutton.amxx") - forced exit
L 09/22/2016 - 17:55:07: Start of error session.
L 09/22/2016 - 17:55:07: Info (map "ze_chaka_escape") (file "addons/amxmodx/logs/error_20160922.log")
L 09/22/2016 - 17:55:07: [AMXX] Plugin ("ze_showescapebutton.amxx") is setting itself as failed.
L 09/22/2016 - 17:55:07: [AMXX] Plugin says: [ZE] Zombie Escape Button not found.
L 09/22/2016 - 17:55:07: [AMXX] Run time error 1 (plugin "ze_showescapebutton.amxx") - forced exit
L 09/22/2016 - 18:20:11: Start of error session.
L 09/22/2016 - 18:20:11: Info (map "ze_egypt_two_lg") (file "addons/amxmodx/logs/error_20160922.log")
L 09/22/2016 - 18:20:11: [AMXX] Plugin ("ze_showescapebutton.amxx") is setting itself as failed.
L 09/22/2016 - 18:20:11: [AMXX] Plugin says: [ZE] Zombie Escape Button not found.
L 09/22/2016 - 18:20:11: [AMXX] Run time error 1 (plugin "ze_showescapebutton.amxx") - forced exit
L 09/22/2016 - 22:05:48: Start of error session.
L 09/22/2016 - 22:05:48: Info (map "ze_chaka_escape") (file "addons/amxmodx/logs/error_20160922.log")
L 09/22/2016 - 22:05:48: [AMXX] Plugin ("ze_showescapebutton.amxx") is setting itself as failed.
L 09/22/2016 - 22:05:48: [AMXX] Plugin says: [ZE] Zombie Escape Button not found.
L 09/22/2016 - 22:05:48: [AMXX] Run time error 1 (plugin "ze_showescapebutton.amxx") - forced exit
L 09/22/2016 - 22:30:52: Start of error session.
L 09/22/2016 - 22:30:52: Info (map "ze_egypt_two_lg") (file "addons/amxmodx/logs/error_20160922.log")
L 09/22/2016 - 22:30:52: [AMXX] Plugin ("ze_showescapebutton.amxx") is setting itself as failed.
L 09/22/2016 - 22:30:52: [AMXX] Plugin says: [ZE] Zombie Escape Button not found.
L 09/22/2016 - 22:30:52: [AMXX] Run time error 1 (plugin "ze_showescapebutton.amxx") - forced exit
