L 09/20/2016 - 00:11:22: -------- Mapchange to ze_assault_escape2 --------
L 09/20/2016 - 00:11:26: [amxbans_core.amxx] [AMXBans] WARNING: admin.amxx plugin running! stopped.
L 09/20/2016 - 00:11:26: [amxbans_main.amxx] [AMXBans] AMXBans 6.13 is online
L 09/20/2016 - 00:11:27: [amxbans_main.amxx] [AMXBans] No Reasons found in Database. Static reasons were loaded instead.
L 09/20/2016 - 00:36:26: -------- Mapchange to ze_black_train_v1 --------
L 09/20/2016 - 00:36:30: [amxbans_core.amxx] [AMXBans] WARNING: admin.amxx plugin running! stopped.
L 09/20/2016 - 00:36:30: [amxbans_main.amxx] [AMXBans] AMXBans 6.13 is online
L 09/20/2016 - 00:36:31: [amxbans_main.amxx] [AMXBans] No Reasons found in Database. Static reasons were loaded instead.
L 09/20/2016 - 01:01:30: -------- Mapchange to ze_blackmesa_v6 --------
L 09/20/2016 - 01:01:34: [amxbans_core.amxx] [AMXBans] WARNING: admin.amxx plugin running! stopped.
L 09/20/2016 - 01:01:35: [amxbans_main.amxx] [AMXBans] AMXBans 6.13 is online
L 09/20/2016 - 01:01:35: [amxbans_main.amxx] [AMXBans] No Reasons found in Database. Static reasons were loaded instead.
L 09/20/2016 - 01:26:34: -------- Mapchange to ze_campescape_lg --------
L 09/20/2016 - 01:26:38: [amxbans_core.amxx] [AMXBans] WARNING: admin.amxx plugin running! stopped.
L 09/20/2016 - 01:26:39: [amxbans_main.amxx] [AMXBans] AMXBans 6.13 is online
L 09/20/2016 - 01:26:39: [amxbans_main.amxx] [AMXBans] No Reasons found in Database. Static reasons were loaded instead.
L 09/20/2016 - 01:51:38: -------- Mapchange to ze_chaka_escape --------
L 09/20/2016 - 01:51:42: [amxbans_core.amxx] [AMXBans] WARNING: admin.amxx plugin running! stopped.
L 09/20/2016 - 01:51:43: [amxbans_main.amxx] [AMXBans] AMXBans 6.13 is online
L 09/20/2016 - 01:51:44: [amxbans_main.amxx] [AMXBans] No Reasons found in Database. Static reasons were loaded instead.
L 09/20/2016 - 02:16:42: -------- Mapchange to ze_egypt_two_lg --------
L 09/20/2016 - 02:16:47: [amxbans_core.amxx] [AMXBans] WARNING: admin.amxx plugin running! stopped.
L 09/20/2016 - 02:16:47: [amxbans_main.amxx] [AMXBans] AMXBans 6.13 is online
L 09/20/2016 - 02:16:49: [amxbans_main.amxx] [AMXBans] No Reasons found in Database. Static reasons were loaded instead.
L 09/20/2016 - 02:41:47: -------- Mapchange to ze_ice4cap_lg --------
L 09/20/2016 - 02:41:51: [amxbans_core.amxx] [AMXBans] WARNING: admin.amxx plugin running! stopped.
L 09/20/2016 - 02:41:51: [amxbans_main.amxx] [AMXBans] AMXBans 6.13 is online
L 09/20/2016 - 02:41:52: [amxbans_main.amxx] [AMXBans] No Reasons found in Database. Static reasons were loaded instead.
L 09/20/2016 - 03:06:51: -------- Mapchange to ze_jurassickpark2_lg --------
L 09/20/2016 - 03:06:55: [amxbans_core.amxx] [AMXBans] WARNING: admin.amxx plugin running! stopped.
L 09/20/2016 - 03:06:55: [amxbans_main.amxx] [AMXBans] AMXBans 6.13 is online
L 09/20/2016 - 03:06:57: [amxbans_main.amxx] [AMXBans] No Reasons found in Database. Static reasons were loaded instead.
L 09/20/2016 - 03:31:55: -------- Mapchange to ze_amazonas_beta --------
L 09/20/2016 - 03:31:59: [amxbans_core.amxx] [AMXBans] WARNING: admin.amxx plugin running! stopped.
L 09/20/2016 - 03:31:59: [amxbans_main.amxx] [AMXBans] AMXBans 6.13 is online
L 09/20/2016 - 03:32:00: [amxbans_main.amxx] [AMXBans] No Reasons found in Database. Static reasons were loaded instead.
L 09/20/2016 - 03:56:59: -------- Mapchange to ze_area51_lg --------
L 09/20/2016 - 03:57:03: [amxbans_core.amxx] [AMXBans] WARNING: admin.amxx plugin running! stopped.
L 09/20/2016 - 03:57:03: [amxbans_main.amxx] [AMXBans] AMXBans 6.13 is online
L 09/20/2016 - 03:57:04: [amxbans_main.amxx] [AMXBans] No Reasons found in Database. Static reasons were loaded instead.
L 09/20/2016 - 04:22:03: -------- Mapchange to ze_assault_escape2 --------
L 09/20/2016 - 04:22:07: [amxbans_core.amxx] [AMXBans] WARNING: admin.amxx plugin running! stopped.
L 09/20/2016 - 04:22:07: [amxbans_main.amxx] [AMXBans] AMXBans 6.13 is online
L 09/20/2016 - 04:22:08: [amxbans_main.amxx] [AMXBans] No Reasons found in Database. Static reasons were loaded instead.
L 09/20/2016 - 04:47:07: -------- Mapchange to ze_black_train_v1 --------
L 09/20/2016 - 04:47:11: [amxbans_core.amxx] [AMXBans] WARNING: admin.amxx plugin running! stopped.
L 09/20/2016 - 04:47:11: [amxbans_main.amxx] [AMXBans] AMXBans 6.13 is online
L 09/20/2016 - 04:47:12: [amxbans_main.amxx] [AMXBans] No Reasons found in Database. Static reasons were loaded instead.
L 09/20/2016 - 05:12:11: -------- Mapchange to ze_blackmesa_v6 --------
L 09/20/2016 - 05:12:15: [amxbans_core.amxx] [AMXBans] WARNING: admin.amxx plugin running! stopped.
L 09/20/2016 - 05:12:15: [amxbans_main.amxx] [AMXBans] AMXBans 6.13 is online
L 09/20/2016 - 05:12:16: [amxbans_main.amxx] [AMXBans] No Reasons found in Database. Static reasons were loaded instead.
L 09/20/2016 - 05:37:10: -------- Mapchange to ze_campescape_lg --------
L 09/20/2016 - 05:37:14: [amxbans_core.amxx] [AMXBans] WARNING: admin.amxx plugin running! stopped.
L 09/20/2016 - 05:37:14: [amxbans_main.amxx] [AMXBans] AMXBans 6.13 is online
L 09/20/2016 - 05:37:15: [amxbans_main.amxx] [AMXBans] No Reasons found in Database. Static reasons were loaded instead.
L 09/20/2016 - 06:02:14: -------- Mapchange to ze_chaka_escape --------
L 09/20/2016 - 06:02:17: [amxbans_core.amxx] [AMXBans] WARNING: admin.amxx plugin running! stopped.
L 09/20/2016 - 06:02:18: [amxbans_main.amxx] [AMXBans] AMXBans 6.13 is online
L 09/20/2016 - 06:02:19: [amxbans_main.amxx] [AMXBans] No Reasons found in Database. Static reasons were loaded instead.
L 09/20/2016 - 06:27:17: -------- Mapchange to ze_egypt_two_lg --------
L 09/20/2016 - 06:27:21: [amxbans_core.amxx] [AMXBans] WARNING: admin.amxx plugin running! stopped.
L 09/20/2016 - 06:27:21: [amxbans_main.amxx] [AMXBans] AMXBans 6.13 is online
L 09/20/2016 - 06:27:22: [amxbans_main.amxx] [AMXBans] No Reasons found in Database. Static reasons were loaded instead.
L 09/20/2016 - 06:52:21: -------- Mapchange to ze_ice4cap_lg --------
L 09/20/2016 - 06:52:25: [amxbans_core.amxx] [AMXBans] WARNING: admin.amxx plugin running! stopped.
L 09/20/2016 - 06:52:26: [amxbans_main.amxx] [AMXBans] AMXBans 6.13 is online
L 09/20/2016 - 06:52:27: [amxbans_main.amxx] [AMXBans] No Reasons found in Database. Static reasons were loaded instead.
L 09/20/2016 - 07:17:26: -------- Mapchange to ze_jurassickpark2_lg --------
L 09/20/2016 - 07:17:30: [amxbans_core.amxx] [AMXBans] WARNING: admin.amxx plugin running! stopped.
L 09/20/2016 - 07:17:30: [amxbans_main.amxx] [AMXBans] AMXBans 6.13 is online
L 09/20/2016 - 07:17:31: [amxbans_main.amxx] [AMXBans] No Reasons found in Database. Static reasons were loaded instead.
L 09/20/2016 - 07:42:30: -------- Mapchange to ze_amazonas_beta --------
L 09/20/2016 - 07:42:34: [amxbans_core.amxx] [AMXBans] WARNING: admin.amxx plugin running! stopped.
L 09/20/2016 - 07:42:35: [amxbans_main.amxx] [AMXBans] AMXBans 6.13 is online
L 09/20/2016 - 07:42:36: [amxbans_main.amxx] [AMXBans] No Reasons found in Database. Static reasons were loaded instead.
L 09/20/2016 - 08:07:34: -------- Mapchange to ze_area51_lg --------
L 09/20/2016 - 08:07:38: [amxbans_core.amxx] [AMXBans] WARNING: admin.amxx plugin running! stopped.
L 09/20/2016 - 08:07:39: [amxbans_main.amxx] [AMXBans] AMXBans 6.13 is online
L 09/20/2016 - 08:07:40: [amxbans_main.amxx] [AMXBans] No Reasons found in Database. Static reasons were loaded instead.
L 09/20/2016 - 08:32:38: -------- Mapchange to ze_area51_v1 --------
L 09/20/2016 - 08:32:42: [amxbans_core.amxx] [AMXBans] WARNING: admin.amxx plugin running! stopped.
L 09/20/2016 - 08:32:43: [amxbans_main.amxx] [AMXBans] AMXBans 6.13 is online
L 09/20/2016 - 08:32:43: [amxbans_main.amxx] [AMXBans] No Reasons found in Database. Static reasons were loaded instead.
L 09/20/2016 - 08:57:42: -------- Mapchange to ze_egypt_two_lg --------
L 09/20/2016 - 08:57:46: [amxbans_core.amxx] [AMXBans] WARNING: admin.amxx plugin running! stopped.
L 09/20/2016 - 08:57:46: [amxbans_main.amxx] [AMXBans] AMXBans 6.13 is online
L 09/20/2016 - 08:57:47: [amxbans_main.amxx] [AMXBans] No Reasons found in Database. Static reasons were loaded instead.
L 09/20/2016 - 09:12:46: -------- Mapchange to ze_campescape_lg --------
L 09/20/2016 - 09:12:50: [amxbans_core.amxx] [AMXBans] WARNING: admin.amxx plugin running! stopped.
L 09/20/2016 - 09:12:51: [amxbans_main.amxx] [AMXBans] AMXBans 6.13 is online
L 09/20/2016 - 09:12:52: [amxbans_main.amxx] [AMXBans] No Reasons found in Database. Static reasons were loaded instead.
L 09/20/2016 - 09:37:51: -------- Mapchange to ze_chaka_escape --------
L 09/20/2016 - 09:37:55: [amxbans_core.amxx] [AMXBans] WARNING: admin.amxx plugin running! stopped.
L 09/20/2016 - 09:37:55: [amxbans_main.amxx] [AMXBans] AMXBans 6.13 is online
L 09/20/2016 - 09:37:56: [amxbans_main.amxx] [AMXBans] No Reasons found in Database. Static reasons were loaded instead.
L 09/20/2016 - 10:02:55: -------- Mapchange to ze_egypt_two_lg --------
L 09/20/2016 - 10:02:59: [amxbans_core.amxx] [AMXBans] WARNING: admin.amxx plugin running! stopped.
L 09/20/2016 - 10:02:59: [amxbans_main.amxx] [AMXBans] AMXBans 6.13 is online
L 09/20/2016 - 10:03:00: [amxbans_main.amxx] [AMXBans] No Reasons found in Database. Static reasons were loaded instead.
L 09/20/2016 - 10:28:00: -------- Mapchange to ze_ice4cap_lg --------
L 09/20/2016 - 10:28:04: [amxbans_core.amxx] [AMXBans] WARNING: admin.amxx plugin running! stopped.
L 09/20/2016 - 10:28:04: [amxbans_main.amxx] [AMXBans] AMXBans 6.13 is online
L 09/20/2016 - 10:28:05: [amxbans_main.amxx] [AMXBans] No Reasons found in Database. Static reasons were loaded instead.
L 09/20/2016 - 10:35:04: -------- Mapchange to ze_jurassickpark3_lg --------
L 09/20/2016 - 10:35:09: [amxbans_core.amxx] [AMXBans] WARNING: admin.amxx plugin running! stopped.
L 09/20/2016 - 10:35:10: [amxbans_main.amxx] [AMXBans] AMXBans 6.13 is online
L 09/20/2016 - 10:35:11: [amxbans_main.amxx] [AMXBans] No Reasons found in Database. Static reasons were loaded instead.
L 09/20/2016 - 10:43:09: -------- Mapchange to ze_black_train_v1 --------
L 09/20/2016 - 10:43:13: [amxbans_core.amxx] [AMXBans] WARNING: admin.amxx plugin running! stopped.
L 09/20/2016 - 10:43:14: [amxbans_main.amxx] [AMXBans] AMXBans 6.13 is online
L 09/20/2016 - 10:43:15: [amxbans_main.amxx] [AMXBans] No Reasons found in Database. Static reasons were loaded instead.
L 09/20/2016 - 10:57:14: -------- Mapchange to ze_osnapitzari_lg --------
L 09/20/2016 - 10:57:18: [amxbans_core.amxx] [AMXBans] WARNING: admin.amxx plugin running! stopped.
L 09/20/2016 - 10:57:18: [amxbans_main.amxx] [AMXBans] AMXBans 6.13 is online
L 09/20/2016 - 10:57:19: [amxbans_main.amxx] [AMXBans] No Reasons found in Database. Static reasons were loaded instead.
L 09/20/2016 - 11:22:18: -------- Mapchange to ze_area51_v1 --------
L 09/20/2016 - 11:22:22: [amxbans_core.amxx] [AMXBans] WARNING: admin.amxx plugin running! stopped.
L 09/20/2016 - 11:22:23: [amxbans_main.amxx] [AMXBans] AMXBans 6.13 is online
L 09/20/2016 - 11:22:24: [amxbans_main.amxx] [AMXBans] No Reasons found in Database. Static reasons were loaded instead.
L 09/20/2016 - 11:47:22: -------- Mapchange to ze_jurassickpark3_lg --------
L 09/20/2016 - 11:47:27: [amxbans_core.amxx] [AMXBans] WARNING: admin.amxx plugin running! stopped.
L 09/20/2016 - 11:47:27: [amxbans_main.amxx] [AMXBans] AMXBans 6.13 is online
L 09/20/2016 - 11:47:28: [amxbans_main.amxx] [AMXBans] No Reasons found in Database. Static reasons were loaded instead.
L 09/20/2016 - 12:12:27: -------- Mapchange to ze_jurassicpark_a1 --------
L 09/20/2016 - 12:12:31: [amxbans_core.amxx] [AMXBans] WARNING: admin.amxx plugin running! stopped.
L 09/20/2016 - 12:12:31: [amxbans_main.amxx] [AMXBans] AMXBans 6.13 is online
L 09/20/2016 - 12:12:32: [amxbans_main.amxx] [AMXBans] No Reasons found in Database. Static reasons were loaded instead.
L 09/20/2016 - 12:15:16: [amxbans_core.amxx] Login: "ToRnAdO|A|ISLAM|DZ|<3161><STEAM_0:0:918644984><>" became an admin (account "STEAM_0:0:918644984") (access "bcdeiju") (address "41.102.5.213") (nick ";Islam") (static 0)
L 09/20/2016 - 12:15:29: [amxbans_core.amxx] Login: "ToRnAdO|A|ISLAM|DZ|<3163><STEAM_0:0:918644984><>" became an admin (account "STEAM_0:0:918644984") (access "bcdeiju") (address "41.102.5.213") (nick ";Islam") (static 0)
L 09/20/2016 - 12:16:13: [plmenu.amxx] Cmd: "ToRnAdO|A|ISLAM|DZ|<3163><STEAM_0:0:918644984><>" transfer "ToRnAdO|A|ISLAM|DZ|<3163><STEAM_0:0:918644984><>" (team "TERRORIST")
L 09/20/2016 - 12:35:08: [amxbans_core.amxx] Login: "Raheem<3173><STEAM_0:0:2482176><>" became an admin (account "Raheem") (access "abcdefghijklmnopqrstu") (address "156.210.108.72") (nick "") (static 0)
L 09/20/2016 - 12:35:59: [mapsmenu.amxx] Cmd: "Raheem<3173><STEAM_0:0:2482176><>" changelevel "ze_area51_lg"
L 09/20/2016 - 12:36:01: -------- Mapchange to ze_area51_lg --------
L 09/20/2016 - 12:36:06: [amxbans_core.amxx] [AMXBans] WARNING: admin.amxx plugin running! stopped.
L 09/20/2016 - 12:36:06: [amxbans_core.amxx] Login: "Raheem<3173><STEAM_0:0:2482176><>" became an admin (account "Raheem") (access "abcdefghijklmnopqrstu") (address "156.210.108.72") (nick "") (static 0)
L 09/20/2016 - 12:36:06: [amxbans_main.amxx] [AMXBans] AMXBans 6.13 is online
L 09/20/2016 - 12:36:07: [amxbans_main.amxx] [AMXBans] No Reasons found in Database. Static reasons were loaded instead.
L 09/20/2016 - 12:36:28: [amxbans_core.amxx] Login: "ToRnAdO|A|ISLAM|DZ|<3177><STEAM_0:0:918644984><>" became an admin (account "STEAM_0:0:918644984") (access "bcdeiju") (address "41.102.5.213") (nick ";Islam") (static 0)
L 09/20/2016 - 12:36:34: [amxbans_core.amxx] Login: "ToRnAdO|A|ISLAM|DZ|<3178><STEAM_0:0:918644984><>" became an admin (account "STEAM_0:0:918644984") (access "bcdeiju") (address "41.102.5.213") (nick ";Islam") (static 0)
L 09/20/2016 - 12:48:57: [admincmd.amxx] Cmd: "Raheem<3173><STEAM_0:0:2482176><>" unban "5.196.189.127"
L 09/20/2016 - 13:01:14: -------- Mapchange to ze_ice4cap_lg --------
L 09/20/2016 - 13:01:18: [admin.amxx] Login: "ToRnAdO|A|ISLAM|DZ|<3209><STEAM_0:0:918644984><>" became an admin (account "STEAM_0:0:918644984") (access "bcdeiju") (address "41.102.5.213")
L 09/20/2016 - 13:01:24: [admin.amxx] Login: "ToRnAdO|A|ISLAM|DZ|<3214><STEAM_0:0:918644984><>" became an admin (account "STEAM_0:0:918644984") (access "bcdeiju") (address "41.102.5.213")
L 09/20/2016 - 13:12:57: [admin.amxx] Login: "ToRnAdO|A|ISLAM|DZ|<3222><STEAM_0:0:918644984><>" became an admin (account "STEAM_0:0:918644984") (access "bcdeiju") (address "41.102.83.84")
L 09/20/2016 - 13:13:04: [admin.amxx] Login: "ToRnAdO|A|ISLAM|DZ|<3223><STEAM_0:0:918644984><>" became an admin (account "STEAM_0:0:918644984") (access "bcdeiju") (address "41.102.83.84")
L 09/20/2016 - 13:18:42: [admincmd.amxx] Cmd: "ToRnAdO|A|ISLAM|DZ|<3223><STEAM_0:0:918644984><>" slay "ToRnAdO|A|ISLAM|DZ|<3223><STEAM_0:0:918644984><>"
L 09/20/2016 - 13:26:18: -------- Mapchange to ze_jurassickpark2_lg --------
L 09/20/2016 - 13:26:25: [admin.amxx] Login: "ToRnAdO|A|ISLAM|DZ|<3223><STEAM_0:0:918644984><>" became an admin (account "STEAM_0:0:918644984") (access "bcdeiju") (address "41.102.83.84")
L 09/20/2016 - 13:26:37: [admin.amxx] Login: "ToRnAdO|A|ISLAM|DZ|<3229><STEAM_0:0:918644984><>" became an admin (account "STEAM_0:0:918644984") (access "bcdeiju") (address "41.102.83.84")
L 09/20/2016 - 13:51:23: -------- Mapchange to ze_assault_escape2 --------
L 09/20/2016 - 13:51:29: [admin.amxx] Login: "ToRnAdO|A|ISLAM|DZ|<3229><STEAM_0:0:918644984><>" became an admin (account "STEAM_0:0:918644984") (access "bcdeiju") (address "41.102.83.84")
L 09/20/2016 - 13:51:49: [admin.amxx] Login: "ToRnAdO|A|ISLAM|DZ|<3242><STEAM_0:0:918644984><>" became an admin (account "STEAM_0:0:918644984") (access "bcdeiju") (address "41.102.83.84")
L 09/20/2016 - 14:16:27: -------- Mapchange to ze_black_train_v1 --------
L 09/20/2016 - 14:16:32: [admin.amxx] Login: "ToRnAdO|A|ISLAM|DZ|<3242><STEAM_0:0:918644984><>" became an admin (account "STEAM_0:0:918644984") (access "bcdeiju") (address "41.102.83.84")
L 09/20/2016 - 14:16:37: [admin.amxx] Login: "ToRnAdO|A|ISLAM|DZ|<3246><STEAM_0:0:918644984><>" became an admin (account "STEAM_0:0:918644984") (access "bcdeiju") (address "41.102.83.84")
L 09/20/2016 - 14:19:06: [admin.amxx] Login: "Raheem<3248><STEAM_0:0:2482176><>" became an admin (account "Raheem") (access "abcdefghijklmnopqrstu") (address "156.211.108.22")
L 09/20/2016 - 14:33:44: [plmenu.amxx] Ban: "Raheem<3248><STEAM_0:0:2482176><>" ban and kick "ToRnAdO|A|ISLAM|DZ|<3246><STEAM_0:0:918644984><>" (minutes "5")
L 09/20/2016 - 14:41:31: -------- Mapchange to ze_blackmesa_v6 --------
L 09/20/2016 - 14:45:16: [admin.amxx] Login: "ToRnAdO|A|ISLAM|DZ|<3265><STEAM_0:0:918644984><>" became an admin (account "STEAM_0:0:918644984") (access "bcdeiju") (address "41.102.83.84")
L 09/20/2016 - 14:45:25: [admin.amxx] Login: "ToRnAdO|A|ISLAM|DZ|<3266><STEAM_0:0:918644984><>" became an admin (account "STEAM_0:0:918644984") (access "bcdeiju") (address "41.102.83.84")
L 09/20/2016 - 14:45:28: [admin.amxx] Login: "ToRnAdO|A|ISLAM|DZ|<3267><STEAM_0:0:918644984><>" became an admin (account "STEAM_0:0:918644984") (access "bcdeiju") (address "41.102.83.84")
L 09/20/2016 - 15:06:36: -------- Mapchange to ze_campescape_lg --------
L 09/20/2016 - 15:31:40: -------- Mapchange to ze_chaka_escape --------
L 09/20/2016 - 15:37:28: [admin.amxx] Login: "ToRnAdO|A|ISLAM|DZ|<3272><STEAM_0:0:918644984><>" became an admin (account "STEAM_0:0:918644984") (access "bcdeiju") (address "41.102.83.84")
L 09/20/2016 - 15:37:39: [admin.amxx] Login: "ToRnAdO|A|ISLAM|DZ|<3274><STEAM_0:0:918644984><>" became an admin (account "STEAM_0:0:918644984") (access "bcdeiju") (address "41.102.83.84")
L 09/20/2016 - 15:37:43: [admin.amxx] Login: "ToRnAdO|A|ISLAM|DZ|<3275><STEAM_0:0:918644984><>" became an admin (account "STEAM_0:0:918644984") (access "bcdeiju") (address "41.102.83.84")
L 09/20/2016 - 15:56:44: -------- Mapchange to ze_egypt_two_lg --------
L 09/20/2016 - 16:21:49: -------- Mapchange to ze_ice4cap_lg --------
L 09/20/2016 - 16:46:53: -------- Mapchange to ze_jurassickpark2_lg --------
L 09/20/2016 - 17:11:57: -------- Mapchange to ze_amazonas_beta --------
L 09/20/2016 - 17:37:02: -------- Mapchange to ze_area51_lg --------
L 09/20/2016 - 18:02:06: -------- Mapchange to ze_assault_escape2 --------
L 09/20/2016 - 18:27:10: -------- Mapchange to ze_black_train_v1 --------
L 09/20/2016 - 18:52:15: -------- Mapchange to ze_blackmesa_v6 --------
L 09/20/2016 - 19:17:19: -------- Mapchange to ze_campescape_lg --------
L 09/20/2016 - 19:42:23: -------- Mapchange to ze_chaka_escape --------
L 09/20/2016 - 20:07:27: -------- Mapchange to ze_egypt_two_lg --------
L 09/20/2016 - 20:32:31: -------- Mapchange to ze_ice4cap_lg --------
L 09/20/2016 - 20:57:35: -------- Mapchange to ze_jurassickpark2_lg --------
L 09/20/2016 - 21:22:40: -------- Mapchange to ze_amazonas_beta --------
L 09/20/2016 - 21:47:44: -------- Mapchange to ze_blackmesa_v6 --------
L 09/20/2016 - 22:12:48: -------- Mapchange to ze_campescape_lg --------
L 09/20/2016 - 22:37:52: -------- Mapchange to ze_chaka_escape --------
L 09/20/2016 - 23:02:56: -------- Mapchange to ze_egypt_two_lg --------
L 09/20/2016 - 23:28:00: -------- Mapchange to ze_ice4cap_lg --------
L 09/20/2016 - 23:53:04: -------- Mapchange to ze_jurassickpark2_lg --------
