L 09/23/2016 - 00:11:06: -------- Mapchange to ze_area51_lg --------
L 09/23/2016 - 00:36:10: -------- Mapchange to ze_assault_escape2 --------
L 09/23/2016 - 01:01:14: -------- Mapchange to ze_black_train_v1 --------
L 09/23/2016 - 01:26:18: -------- Mapchange to ze_blackmesa_v6 --------
L 09/23/2016 - 01:51:22: -------- Mapchange to ze_campescape_lg --------
L 09/23/2016 - 02:16:26: -------- Mapchange to ze_chaka_escape --------
L 09/23/2016 - 02:41:30: -------- Mapchange to ze_egypt_two_lg --------
L 09/23/2016 - 03:06:33: -------- Mapchange to ze_amazonas_beta --------
L 09/23/2016 - 03:31:37: -------- Mapchange to ze_area51_lg --------
L 09/23/2016 - 03:56:41: -------- Mapchange to ze_assault_escape2 --------
L 09/23/2016 - 04:21:45: -------- Mapchange to ze_black_train_v1 --------
L 09/23/2016 - 04:46:49: -------- Mapchange to ze_blackmesa_v6 --------
L 09/23/2016 - 05:11:53: -------- Mapchange to ze_campescape_lg --------
L 09/23/2016 - 05:36:52: -------- Mapchange to ze_chaka_escape --------
L 09/23/2016 - 06:01:56: -------- Mapchange to ze_egypt_two_lg --------
L 09/23/2016 - 06:27:00: -------- Mapchange to ze_ice4cap_lg --------
L 09/23/2016 - 06:52:04: -------- Mapchange to ze_jurassickpark2_lg --------
L 09/23/2016 - 07:17:08: -------- Mapchange to ze_amazonas_beta --------
L 09/23/2016 - 07:42:12: -------- Mapchange to ze_area51_lg --------
L 09/23/2016 - 08:07:17: -------- Mapchange to ze_assault_escape2 --------
L 09/23/2016 - 08:32:20: -------- Mapchange to ze_black_train_v1 --------
L 09/23/2016 - 08:57:24: -------- Mapchange to ze_blackmesa_v6 --------
L 09/23/2016 - 09:22:28: -------- Mapchange to ze_campescape_lg --------
L 09/23/2016 - 09:47:32: -------- Mapchange to ze_chaka_escape --------
