L 09/19/2016 - 00:23:54: -------- Mapchange to ze_jurassickpark2_lg --------
L 09/19/2016 - 00:23:58: [amxbans_core.amxx] [AMXBans] WARNING: admin.amxx plugin running! stopped.
L 09/19/2016 - 00:23:58: [amxbans_main.amxx] [AMXBans] AMXBans 6.13 is online
L 09/19/2016 - 00:23:59: [amxbans_main.amxx] [AMXBans] No Reasons found in Database. Static reasons were loaded instead.
L 09/19/2016 - 00:48:58: -------- Mapchange to ze_amazonas_beta --------
L 09/19/2016 - 00:49:02: [amxbans_core.amxx] [AMXBans] WARNING: admin.amxx plugin running! stopped.
L 09/19/2016 - 00:49:02: [amxbans_main.amxx] [AMXBans] AMXBans 6.13 is online
L 09/19/2016 - 00:49:03: [amxbans_main.amxx] [AMXBans] No Reasons found in Database. Static reasons were loaded instead.
L 09/19/2016 - 01:14:02: -------- Mapchange to ze_area51_lg --------
L 09/19/2016 - 01:14:06: [amxbans_core.amxx] [AMXBans] WARNING: admin.amxx plugin running! stopped.
L 09/19/2016 - 01:14:07: [amxbans_main.amxx] [AMXBans] AMXBans 6.13 is online
L 09/19/2016 - 01:14:07: [amxbans_main.amxx] [AMXBans] No Reasons found in Database. Static reasons were loaded instead.
L 09/19/2016 - 01:39:06: -------- Mapchange to ze_assault_escape2 --------
L 09/19/2016 - 01:39:11: [amxbans_core.amxx] [AMXBans] WARNING: admin.amxx plugin running! stopped.
L 09/19/2016 - 01:39:11: [amxbans_main.amxx] [AMXBans] AMXBans 6.13 is online
L 09/19/2016 - 01:39:13: [amxbans_main.amxx] [AMXBans] No Reasons found in Database. Static reasons were loaded instead.
L 09/19/2016 - 02:04:11: -------- Mapchange to ze_black_train_v1 --------
L 09/19/2016 - 02:04:15: [amxbans_core.amxx] [AMXBans] WARNING: admin.amxx plugin running! stopped.
L 09/19/2016 - 02:04:15: [amxbans_main.amxx] [AMXBans] AMXBans 6.13 is online
L 09/19/2016 - 02:04:16: [amxbans_main.amxx] [AMXBans] No Reasons found in Database. Static reasons were loaded instead.
L 09/19/2016 - 02:29:15: -------- Mapchange to ze_blackmesa_v6 --------
L 09/19/2016 - 02:29:19: [amxbans_core.amxx] [AMXBans] WARNING: admin.amxx plugin running! stopped.
L 09/19/2016 - 02:29:19: [amxbans_main.amxx] [AMXBans] AMXBans 6.13 is online
L 09/19/2016 - 02:29:20: [amxbans_main.amxx] [AMXBans] No Reasons found in Database. Static reasons were loaded instead.
L 09/19/2016 - 02:54:19: -------- Mapchange to ze_campescape_lg --------
L 09/19/2016 - 02:54:24: [amxbans_core.amxx] [AMXBans] WARNING: admin.amxx plugin running! stopped.
L 09/19/2016 - 02:54:25: [amxbans_main.amxx] [AMXBans] AMXBans 6.13 is online
L 09/19/2016 - 02:54:26: [amxbans_main.amxx] [AMXBans] No Reasons found in Database. Static reasons were loaded instead.
L 09/19/2016 - 03:19:25: -------- Mapchange to ze_chaka_escape --------
L 09/19/2016 - 03:19:29: [amxbans_core.amxx] [AMXBans] WARNING: admin.amxx plugin running! stopped.
L 09/19/2016 - 03:19:29: [amxbans_main.amxx] [AMXBans] AMXBans 6.13 is online
L 09/19/2016 - 03:19:30: [amxbans_main.amxx] [AMXBans] No Reasons found in Database. Static reasons were loaded instead.
L 09/19/2016 - 03:44:29: -------- Mapchange to ze_egypt_two_lg --------
L 09/19/2016 - 03:44:33: [amxbans_core.amxx] [AMXBans] WARNING: admin.amxx plugin running! stopped.
L 09/19/2016 - 03:44:33: [amxbans_main.amxx] [AMXBans] AMXBans 6.13 is online
L 09/19/2016 - 03:44:34: [amxbans_main.amxx] [AMXBans] No Reasons found in Database. Static reasons were loaded instead.
L 09/19/2016 - 04:09:33: -------- Mapchange to ze_ice4cap_lg --------
L 09/19/2016 - 04:09:37: [amxbans_core.amxx] [AMXBans] WARNING: admin.amxx plugin running! stopped.
L 09/19/2016 - 04:09:38: [amxbans_main.amxx] [AMXBans] AMXBans 6.13 is online
L 09/19/2016 - 04:09:39: [amxbans_main.amxx] [AMXBans] No Reasons found in Database. Static reasons were loaded instead.
L 09/19/2016 - 04:34:37: -------- Mapchange to ze_jurassickpark2_lg --------
L 09/19/2016 - 04:34:42: [amxbans_core.amxx] [AMXBans] WARNING: admin.amxx plugin running! stopped.
L 09/19/2016 - 04:34:42: [amxbans_main.amxx] [AMXBans] AMXBans 6.13 is online
L 09/19/2016 - 04:34:43: [amxbans_main.amxx] [AMXBans] No Reasons found in Database. Static reasons were loaded instead.
L 09/19/2016 - 04:59:42: -------- Mapchange to ze_amazonas_beta --------
L 09/19/2016 - 04:59:46: [amxbans_core.amxx] [AMXBans] WARNING: admin.amxx plugin running! stopped.
L 09/19/2016 - 04:59:46: [amxbans_main.amxx] [AMXBans] AMXBans 6.13 is online
L 09/19/2016 - 04:59:47: [amxbans_main.amxx] [AMXBans] No Reasons found in Database. Static reasons were loaded instead.
L 09/19/2016 - 05:24:46: -------- Mapchange to ze_area51_lg --------
L 09/19/2016 - 05:24:50: [amxbans_core.amxx] [AMXBans] WARNING: admin.amxx plugin running! stopped.
L 09/19/2016 - 05:24:51: [amxbans_main.amxx] [AMXBans] AMXBans 6.13 is online
L 09/19/2016 - 05:24:52: [amxbans_main.amxx] [AMXBans] No Reasons found in Database. Static reasons were loaded instead.
L 09/19/2016 - 05:49:45: -------- Mapchange to ze_assault_escape2 --------
L 09/19/2016 - 05:49:50: [amxbans_core.amxx] [AMXBans] WARNING: admin.amxx plugin running! stopped.
L 09/19/2016 - 05:49:50: [amxbans_main.amxx] [AMXBans] AMXBans 6.13 is online
L 09/19/2016 - 05:49:51: [amxbans_main.amxx] [AMXBans] No Reasons found in Database. Static reasons were loaded instead.
L 09/19/2016 - 06:14:50: -------- Mapchange to ze_black_train_v1 --------
L 09/19/2016 - 06:14:54: [amxbans_core.amxx] [AMXBans] WARNING: admin.amxx plugin running! stopped.
L 09/19/2016 - 06:14:54: [amxbans_main.amxx] [AMXBans] AMXBans 6.13 is online
L 09/19/2016 - 06:14:55: [amxbans_main.amxx] [AMXBans] No Reasons found in Database. Static reasons were loaded instead.
L 09/19/2016 - 06:39:54: -------- Mapchange to ze_blackmesa_v6 --------
L 09/19/2016 - 06:39:58: [amxbans_core.amxx] [AMXBans] WARNING: admin.amxx plugin running! stopped.
L 09/19/2016 - 06:39:58: [amxbans_main.amxx] [AMXBans] AMXBans 6.13 is online
L 09/19/2016 - 06:39:59: [amxbans_main.amxx] [AMXBans] No Reasons found in Database. Static reasons were loaded instead.
L 09/19/2016 - 07:04:58: -------- Mapchange to ze_campescape_lg --------
L 09/19/2016 - 07:05:03: [amxbans_core.amxx] [AMXBans] WARNING: admin.amxx plugin running! stopped.
L 09/19/2016 - 07:05:03: [amxbans_main.amxx] [AMXBans] AMXBans 6.13 is online
L 09/19/2016 - 07:05:04: [amxbans_main.amxx] [AMXBans] No Reasons found in Database. Static reasons were loaded instead.
L 09/19/2016 - 07:24:26: [amxbans_core.amxx] Login: "Raheem<2728><STEAM_0:0:2482176><>" became an admin (account "Raheem") (access "abcdefghijklmnopqrstu") (address "197.37.134.18") (nick "") (static 0)
L 09/19/2016 - 07:30:03: -------- Mapchange to ze_chaka_escape --------
L 09/19/2016 - 07:30:07: [amxbans_core.amxx] [AMXBans] WARNING: admin.amxx plugin running! stopped.
L 09/19/2016 - 07:30:07: [amxbans_core.amxx] Login: "Raheem<2728><STEAM_0:0:2482176><>" became an admin (account "Raheem") (access "abcdefghijklmnopqrstu") (address "197.37.134.18") (nick "") (static 0)
L 09/19/2016 - 07:30:08: [amxbans_main.amxx] [AMXBans] AMXBans 6.13 is online
L 09/19/2016 - 07:30:09: [amxbans_main.amxx] [AMXBans] No Reasons found in Database. Static reasons were loaded instead.
L 09/19/2016 - 07:30:45: [amxbans_core.amxx] Login: "ToRnAdO|A|ISLAM|DZ|<2732><STEAM_0:0:918644984><>" became an admin (account "STEAM_0:0:918644984") (access "bcdeiju") (address "41.102.192.222") (nick ";Islam") (static 0)
L 09/19/2016 - 07:55:07: -------- Mapchange to ze_egypt_two_lg --------
L 09/19/2016 - 07:55:12: [amxbans_core.amxx] [AMXBans] WARNING: admin.amxx plugin running! stopped.
L 09/19/2016 - 07:55:12: [amxbans_main.amxx] [AMXBans] AMXBans 6.13 is online
L 09/19/2016 - 07:55:13: [amxbans_main.amxx] [AMXBans] No Reasons found in Database. Static reasons were loaded instead.
L 09/19/2016 - 08:20:12: -------- Mapchange to ze_ice4cap_lg --------
L 09/19/2016 - 08:20:16: [amxbans_core.amxx] [AMXBans] WARNING: admin.amxx plugin running! stopped.
L 09/19/2016 - 08:20:16: [amxbans_main.amxx] [AMXBans] AMXBans 6.13 is online
L 09/19/2016 - 08:20:17: [amxbans_main.amxx] [AMXBans] No Reasons found in Database. Static reasons were loaded instead.
L 09/19/2016 - 08:44:16: -------- Mapchange to ze_parkour_fabi --------
L 09/19/2016 - 08:44:21: [amxbans_core.amxx] [AMXBans] WARNING: admin.amxx plugin running! stopped.
L 09/19/2016 - 08:44:21: [amxbans_main.amxx] [AMXBans] AMXBans 6.13 is online
L 09/19/2016 - 08:44:22: [amxbans_main.amxx] [AMXBans] No Reasons found in Database. Static reasons were loaded instead.
L 09/19/2016 - 09:09:21: -------- Mapchange to ze_area51_lg --------
L 09/19/2016 - 09:09:25: [amxbans_core.amxx] [AMXBans] WARNING: admin.amxx plugin running! stopped.
L 09/19/2016 - 09:09:26: [amxbans_main.amxx] [AMXBans] AMXBans 6.13 is online
L 09/19/2016 - 09:09:27: [amxbans_main.amxx] [AMXBans] No Reasons found in Database. Static reasons were loaded instead.
L 09/19/2016 - 09:34:25: -------- Mapchange to ze_assault_escape2 --------
L 09/19/2016 - 09:34:29: [amxbans_core.amxx] [AMXBans] WARNING: admin.amxx plugin running! stopped.
L 09/19/2016 - 09:34:30: [amxbans_main.amxx] [AMXBans] AMXBans 6.13 is online
L 09/19/2016 - 09:34:31: [amxbans_main.amxx] [AMXBans] No Reasons found in Database. Static reasons were loaded instead.
L 09/19/2016 - 09:53:41: [amxbans_core.amxx] Login: "midou 12<2761><STEAM_0:0:2101141><>" kicked due to invalid password (account "midou 12") (address "41.100.100.168")
L 09/19/2016 - 09:59:30: -------- Mapchange to ze_blackmesa_v6 --------
L 09/19/2016 - 09:59:35: [amxbans_core.amxx] [AMXBans] WARNING: admin.amxx plugin running! stopped.
L 09/19/2016 - 09:59:35: [amxbans_main.amxx] [AMXBans] AMXBans 6.13 is online
L 09/19/2016 - 09:59:36: [amxbans_main.amxx] [AMXBans] No Reasons found in Database. Static reasons were loaded instead.
L 09/19/2016 - 10:18:35: -------- Mapchange to ze_jurassicpark2_v1 --------
L 09/19/2016 - 10:18:39: [amxbans_core.amxx] [AMXBans] WARNING: admin.amxx plugin running! stopped.
L 09/19/2016 - 10:18:39: [amxbans_main.amxx] [AMXBans] AMXBans 6.13 is online
L 09/19/2016 - 10:18:40: [amxbans_main.amxx] [AMXBans] No Reasons found in Database. Static reasons were loaded instead.
L 09/19/2016 - 10:43:40: -------- Mapchange to ze_military_v1_exp --------
L 09/19/2016 - 10:43:44: [amxbans_core.amxx] [AMXBans] WARNING: admin.amxx plugin running! stopped.
L 09/19/2016 - 10:43:45: [amxbans_main.amxx] [AMXBans] AMXBans 6.13 is online
L 09/19/2016 - 10:43:46: [amxbans_main.amxx] [AMXBans] No Reasons found in Database. Static reasons were loaded instead.
L 09/19/2016 - 11:08:44: -------- Mapchange to ze_parkour_fabi --------
L 09/19/2016 - 11:08:49: [amxbans_core.amxx] [AMXBans] WARNING: admin.amxx plugin running! stopped.
L 09/19/2016 - 11:08:49: [amxbans_main.amxx] [AMXBans] AMXBans 6.13 is online
L 09/19/2016 - 11:08:50: [amxbans_main.amxx] [AMXBans] No Reasons found in Database. Static reasons were loaded instead.
L 09/19/2016 - 11:11:27: [amxbans_core.amxx] Login: "Raheem<2787><STEAM_0:0:2482176><>" became an admin (account "Raheem") (access "abcdefghijklmnopqrstu") (address "197.37.134.18") (nick "") (static 0)
L 09/19/2016 - 11:12:21: [mapsmenu.amxx] Cmd: "Raheem<2787><STEAM_0:0:2482176><>" changelevel "ze_area51_lg"
L 09/19/2016 - 11:12:24: -------- Mapchange to ze_area51_lg --------
L 09/19/2016 - 11:12:28: [amxbans_core.amxx] [AMXBans] WARNING: admin.amxx plugin running! stopped.
L 09/19/2016 - 11:12:28: [amxbans_core.amxx] Login: "Raheem<2787><STEAM_0:0:2482176><>" became an admin (account "Raheem") (access "abcdefghijklmnopqrstu") (address "197.37.134.18") (nick "") (static 0)
L 09/19/2016 - 11:12:28: [amxbans_main.amxx] [AMXBans] AMXBans 6.13 is online
L 09/19/2016 - 11:12:29: [amxbans_main.amxx] [AMXBans] No Reasons found in Database. Static reasons were loaded instead.
L 09/19/2016 - 11:16:20: [amxbans_core.amxx] Login: "Raheem<2791><STEAM_0:0:2482176><>" became an admin (account "Raheem") (access "abcdefghijklmnopqrstu") (address "197.37.134.18") (nick "") (static 0)
L 09/19/2016 - 11:37:28: -------- Mapchange to ze_assault_escape2 --------
L 09/19/2016 - 11:37:32: [amxbans_core.amxx] [AMXBans] WARNING: admin.amxx plugin running! stopped.
L 09/19/2016 - 11:37:33: [amxbans_main.amxx] [AMXBans] AMXBans 6.13 is online
L 09/19/2016 - 11:37:34: [amxbans_main.amxx] [AMXBans] No Reasons found in Database. Static reasons were loaded instead.
L 09/19/2016 - 12:02:32: -------- Mapchange to ze_jurassicpark4 --------
L 09/19/2016 - 12:02:37: [amxbans_core.amxx] [AMXBans] WARNING: admin.amxx plugin running! stopped.
L 09/19/2016 - 12:02:37: [amxbans_main.amxx] [AMXBans] AMXBans 6.13 is online
L 09/19/2016 - 12:02:38: [amxbans_main.amxx] [AMXBans] No Reasons found in Database. Static reasons were loaded instead.
L 09/19/2016 - 12:27:37: -------- Mapchange to ze_osnapitzari_lg --------
L 09/19/2016 - 12:27:41: [amxbans_core.amxx] [AMXBans] WARNING: admin.amxx plugin running! stopped.
L 09/19/2016 - 12:27:41: [amxbans_main.amxx] [AMXBans] AMXBans 6.13 is online
L 09/19/2016 - 12:27:42: [amxbans_main.amxx] [AMXBans] No Reasons found in Database. Static reasons were loaded instead.
L 09/19/2016 - 12:35:30: [amxbans_core.amxx] Login: "ToRnAdO|A|ISLAM|DZ|<2815><STEAM_0:0:918644984><>" became an admin (account "STEAM_0:0:918644984") (access "bcdeiju") (address "41.102.43.47") (nick ";Islam") (static 0)
L 09/19/2016 - 12:45:30: [amxbans_core.amxx] Login: "Raheem<2818><STEAM_0:0:2482176><>" became an admin (account "Raheem") (access "abcdefghijklmnopqrstu") (address "197.37.134.18") (nick "") (static 0)
L 09/19/2016 - 12:45:54: [mapsmenu.amxx] Cmd: "Raheem<2818><STEAM_0:0:2482176><>" changelevel "ze_area51_lg"
L 09/19/2016 - 12:45:57: -------- Mapchange to ze_area51_lg --------
L 09/19/2016 - 12:46:01: [amxbans_core.amxx] [AMXBans] WARNING: admin.amxx plugin running! stopped.
L 09/19/2016 - 12:46:01: [amxbans_core.amxx] Login: "Raheem<2818><STEAM_0:0:2482176><>" became an admin (account "Raheem") (access "abcdefghijklmnopqrstu") (address "197.37.134.18") (nick "") (static 0)
L 09/19/2016 - 12:46:02: [amxbans_main.amxx] [AMXBans] AMXBans 6.13 is online
L 09/19/2016 - 12:46:03: [amxbans_main.amxx] [AMXBans] No Reasons found in Database. Static reasons were loaded instead.
L 09/19/2016 - 12:50:27: [mapsmenu.amxx] Cmd: "Raheem<2818><STEAM_0:0:2482176><>" changelevel "ze_area51_lg"
L 09/19/2016 - 12:50:29: -------- Mapchange to ze_area51_lg --------
L 09/19/2016 - 12:50:34: [amxbans_core.amxx] [AMXBans] WARNING: admin.amxx plugin running! stopped.
L 09/19/2016 - 12:50:34: [amxbans_core.amxx] Login: "Raheem<2818><STEAM_0:0:2482176><>" became an admin (account "Raheem") (access "abcdefghijklmnopqrstu") (address "197.37.134.18") (nick "") (static 0)
L 09/19/2016 - 12:50:35: [amxbans_main.amxx] [AMXBans] AMXBans 6.13 is online
L 09/19/2016 - 12:50:36: [amxbans_main.amxx] [AMXBans] No Reasons found in Database. Static reasons were loaded instead.
L 09/19/2016 - 12:56:47: [mapsmenu.amxx] Cmd: "Raheem<2818><STEAM_0:0:2482176><>" changelevel "ze_assault_escape2"
L 09/19/2016 - 12:56:49: -------- Mapchange to ze_assault_escape2 --------
L 09/19/2016 - 12:56:53: [amxbans_core.amxx] [AMXBans] WARNING: admin.amxx plugin running! stopped.
L 09/19/2016 - 12:56:53: [amxbans_core.amxx] Login: "Raheem<2818><STEAM_0:0:2482176><>" became an admin (account "Raheem") (access "abcdefghijklmnopqrstu") (address "197.37.134.18") (nick "") (static 0)
L 09/19/2016 - 12:56:54: [amxbans_main.amxx] [AMXBans] AMXBans 6.13 is online
L 09/19/2016 - 12:56:54: [amxbans_main.amxx] [AMXBans] No Reasons found in Database. Static reasons were loaded instead.
L 09/19/2016 - 13:04:40: [mapsmenu.amxx] Cmd: "Raheem<2818><STEAM_0:0:2482176><>" changelevel "ze_osnapitzari_lg"
L 09/19/2016 - 13:04:42: -------- Mapchange to ze_osnapitzari_lg --------
L 09/19/2016 - 13:04:46: [amxbans_core.amxx] [AMXBans] WARNING: admin.amxx plugin running! stopped.
L 09/19/2016 - 13:04:47: [amxbans_core.amxx] Login: "Raheem<2818><STEAM_0:0:2482176><>" became an admin (account "Raheem") (access "abcdefghijklmnopqrstu") (address "197.37.134.18") (nick "") (static 0)
L 09/19/2016 - 13:04:48: [amxbans_core.amxx] Login: "Raheem<2837><STEAM_0:0:2482176><>" became an admin (account "Raheem") (access "abcdefghijklmnopqrstu") (address "197.37.134.18") (nick "") (static 0)
L 09/19/2016 - 13:04:48: [amxbans_main.amxx] [AMXBans] AMXBans 6.13 is online
L 09/19/2016 - 13:04:49: [amxbans_main.amxx] [AMXBans] No Reasons found in Database. Static reasons were loaded instead.
L 09/19/2016 - 13:07:54: [mapsmenu.amxx] Cmd: "Raheem<2837><STEAM_0:0:2482176><>" changelevel "ze_jurassicpark4"
L 09/19/2016 - 13:07:56: -------- Mapchange to ze_jurassicpark4 --------
L 09/19/2016 - 13:08:01: [amxbans_core.amxx] [AMXBans] WARNING: admin.amxx plugin running! stopped.
L 09/19/2016 - 13:08:01: [amxbans_core.amxx] Login: "Raheem<2837><STEAM_0:0:2482176><>" became an admin (account "Raheem") (access "abcdefghijklmnopqrstu") (address "197.37.134.18") (nick "") (static 0)
L 09/19/2016 - 13:08:02: [amxbans_main.amxx] [AMXBans] AMXBans 6.13 is online
L 09/19/2016 - 13:08:03: [amxbans_main.amxx] [AMXBans] No Reasons found in Database. Static reasons were loaded instead.
L 09/19/2016 - 13:26:50: [amxbans_core.amxx] Login: "midou 12<2851><STEAM_0:0:2101141><>" kicked due to invalid password (account "midou 12") (address "41.100.100.168")
L 09/19/2016 - 13:29:12: [amxbans_core.amxx] Login: "ToRnAdO|A|ISLAM|DZ|<2853><STEAM_0:0:918644984><>" became an admin (account "STEAM_0:0:918644984") (access "bcdeiju") (address "41.102.43.47") (nick ";Islam") (static 0)
L 09/19/2016 - 13:29:16: [amxbans_core.amxx] Login: "ToRnAdO|A|ISLAM|DZ|<2854><STEAM_0:0:918644984><>" became an admin (account "STEAM_0:0:918644984") (access "bcdeiju") (address "41.102.43.47") (nick ";Islam") (static 0)
L 09/19/2016 - 13:30:48: [plmenu.amxx] Cmd: "ToRnAdO|A|ISLAM|DZ|<2854><STEAM_0:0:918644984><>" transfer "ToRnAdO|A|ISLAM|DZ|<2854><STEAM_0:0:918644984><>" (team "TERRORIST")
L 09/19/2016 - 13:30:50: [plmenu.amxx] Cmd: "ToRnAdO|A|ISLAM|DZ|<2854><STEAM_0:0:918644984><>" transfer "IP: 37.59.197.176:27015<2841><BOT><>" (team "TERRORIST")
L 09/19/2016 - 13:30:51: [plmenu.amxx] Cmd: "ToRnAdO|A|ISLAM|DZ|<2854><STEAM_0:0:918644984><>" transfer "Welcome To [Arab-Server]<2842><BOT><>" (team "TERRORIST")
L 09/19/2016 - 13:33:01: -------- Mapchange to ze_osnapitzari_lg --------
L 09/19/2016 - 13:33:05: [amxbans_core.amxx] [AMXBans] WARNING: admin.amxx plugin running! stopped.
L 09/19/2016 - 13:33:05: [amxbans_main.amxx] [AMXBans] AMXBans 6.13 is online
L 09/19/2016 - 13:33:06: [amxbans_core.amxx] Login: "ToRnAdO|A|ISLAM|DZ|<2854><STEAM_0:0:918644984><>" became an admin (account "STEAM_0:0:918644984") (access "bcdeiju") (address "41.102.43.47") (nick ";Islam") (static 0)
L 09/19/2016 - 13:33:06: [amxbans_main.amxx] [AMXBans] No Reasons found in Database. Static reasons were loaded instead.
L 09/19/2016 - 13:33:12: [amxbans_core.amxx] Login: "ToRnAdO|A|ISLAM|DZ|<2857><STEAM_0:0:918644984><>" became an admin (account "STEAM_0:0:918644984") (access "bcdeiju") (address "41.102.43.47") (nick ";Islam") (static 0)
L 09/19/2016 - 13:58:05: -------- Mapchange to ze_area51_v1 --------
L 09/19/2016 - 13:58:10: [amxbans_core.amxx] [AMXBans] WARNING: admin.amxx plugin running! stopped.
L 09/19/2016 - 13:58:11: [amxbans_main.amxx] [AMXBans] AMXBans 6.13 is online
L 09/19/2016 - 13:58:11: [amxbans_main.amxx] [AMXBans] No Reasons found in Database. Static reasons were loaded instead.
L 09/19/2016 - 14:23:10: -------- Mapchange to ze_jurassickpark3_lg --------
L 09/19/2016 - 14:23:14: [amxbans_core.amxx] [AMXBans] WARNING: admin.amxx plugin running! stopped.
L 09/19/2016 - 14:23:15: [amxbans_main.amxx] [AMXBans] AMXBans 6.13 is online
L 09/19/2016 - 14:23:16: [amxbans_main.amxx] [AMXBans] No Reasons found in Database. Static reasons were loaded instead.
L 09/19/2016 - 14:48:15: -------- Mapchange to ze_jurassicpark_a1 --------
L 09/19/2016 - 14:48:19: [amxbans_core.amxx] [AMXBans] WARNING: admin.amxx plugin running! stopped.
L 09/19/2016 - 14:48:19: [amxbans_main.amxx] [AMXBans] AMXBans 6.13 is online
L 09/19/2016 - 14:48:20: [amxbans_main.amxx] [AMXBans] No Reasons found in Database. Static reasons were loaded instead.
L 09/19/2016 - 15:13:19: -------- Mapchange to ze_jurassicpark2_v1 --------
L 09/19/2016 - 15:13:24: [amxbans_core.amxx] [AMXBans] WARNING: admin.amxx plugin running! stopped.
L 09/19/2016 - 15:13:24: [amxbans_main.amxx] [AMXBans] AMXBans 6.13 is online
L 09/19/2016 - 15:13:25: [amxbans_main.amxx] [AMXBans] No Reasons found in Database. Static reasons were loaded instead.
L 09/19/2016 - 15:38:24: -------- Mapchange to ze_military_v1_exp --------
L 09/19/2016 - 15:38:29: [amxbans_core.amxx] [AMXBans] WARNING: admin.amxx plugin running! stopped.
L 09/19/2016 - 15:38:29: [amxbans_main.amxx] [AMXBans] AMXBans 6.13 is online
L 09/19/2016 - 15:38:30: [amxbans_main.amxx] [AMXBans] No Reasons found in Database. Static reasons were loaded instead.
L 09/19/2016 - 15:58:55: [amxbans_core.amxx] Login: "Raheem<2896><STEAM_0:0:2482176><>" kicked due to invalid password (account "Raheem") (address "156.210.52.160")
L 09/19/2016 - 15:59:03: [amxbans_core.amxx] Login: "Raheem<2899><STEAM_0:0:2482176><>" became an admin (account "Raheem") (access "abcdefghijklmnopqrstu") (address "156.210.52.160") (nick "") (static 0)
L 09/19/2016 - 16:03:29: -------- Mapchange to ze_parkour_fabi --------
L 09/19/2016 - 16:03:33: [amxbans_core.amxx] [AMXBans] WARNING: admin.amxx plugin running! stopped.
L 09/19/2016 - 16:03:34: [amxbans_main.amxx] [AMXBans] AMXBans 6.13 is online
L 09/19/2016 - 16:03:35: [amxbans_core.amxx] Login: "Raheem<2899><STEAM_0:0:2482176><>" became an admin (account "Raheem") (access "abcdefghijklmnopqrstu") (address "156.210.52.160") (nick "") (static 0)
L 09/19/2016 - 16:03:35: [amxbans_main.amxx] [AMXBans] No Reasons found in Database. Static reasons were loaded instead.
L 09/19/2016 - 16:08:59: [mapsmenu.amxx] Cmd: "Raheem<2899><STEAM_0:0:2482176><>" changelevel "ze_osnapitzari_lg"
L 09/19/2016 - 16:09:02: -------- Mapchange to ze_osnapitzari_lg --------
L 09/19/2016 - 16:09:06: [amxbans_core.amxx] [AMXBans] WARNING: admin.amxx plugin running! stopped.
L 09/19/2016 - 16:09:07: [amxbans_core.amxx] Login: "Raheem<2899><STEAM_0:0:2482176><>" became an admin (account "Raheem") (access "abcdefghijklmnopqrstu") (address "156.210.52.160") (nick "") (static 0)
L 09/19/2016 - 16:09:07: [amxbans_main.amxx] [AMXBans] AMXBans 6.13 is online
L 09/19/2016 - 16:09:08: [amxbans_main.amxx] [AMXBans] No Reasons found in Database. Static reasons were loaded instead.
L 09/19/2016 - 16:09:59: [mapsmenu.amxx] Cmd: "Raheem<2899><STEAM_0:0:2482176><>" changelevel "ze_chaka_escape"
L 09/19/2016 - 16:10:01: -------- Mapchange to ze_chaka_escape --------
L 09/19/2016 - 16:10:06: [amxbans_core.amxx] [AMXBans] WARNING: admin.amxx plugin running! stopped.
L 09/19/2016 - 16:10:06: [amxbans_main.amxx] [AMXBans] AMXBans 6.13 is online
L 09/19/2016 - 16:10:06: [amxbans_core.amxx] Login: "Raheem<2899><STEAM_0:0:2482176><>" became an admin (account "Raheem") (access "abcdefghijklmnopqrstu") (address "156.210.52.160") (nick "") (static 0)
L 09/19/2016 - 16:10:07: [amxbans_main.amxx] [AMXBans] No Reasons found in Database. Static reasons were loaded instead.
L 09/19/2016 - 16:14:51: [mapsmenu.amxx] Cmd: "Raheem<2899><STEAM_0:0:2482176><>" changelevel "ze_jurassicpark4"
L 09/19/2016 - 16:14:53: -------- Mapchange to ze_jurassicpark4 --------
L 09/19/2016 - 16:14:57: [amxbans_core.amxx] [AMXBans] WARNING: admin.amxx plugin running! stopped.
L 09/19/2016 - 16:14:57: [amxbans_core.amxx] Login: "Raheem<2899><STEAM_0:0:2482176><>" became an admin (account "Raheem") (access "abcdefghijklmnopqrstu") (address "156.210.52.160") (nick "") (static 0)
L 09/19/2016 - 16:14:58: [amxbans_main.amxx] [AMXBans] AMXBans 6.13 is online
L 09/19/2016 - 16:14:59: [amxbans_main.amxx] [AMXBans] No Reasons found in Database. Static reasons were loaded instead.
L 09/19/2016 - 16:21:47: [admin_super_gag.amxx] Gag: "Raheem<#2899><STEAM_0:0:2482176><156.210.52.160>" gagged "{OMAR FOX}<#2915><VALVE_0:5:1112385932><160.177.199.45>" <abcd> for <86400s> (reason: "Unspecified")
L 09/19/2016 - 16:39:57: -------- Mapchange to ze_egypt_two_lg --------
L 09/19/2016 - 16:40:01: [amxbans_core.amxx] [AMXBans] WARNING: admin.amxx plugin running! stopped.
L 09/19/2016 - 16:40:01: [amxbans_core.amxx] Login: "Raheem<2899><STEAM_0:0:2482176><>" became an admin (account "Raheem") (access "abcdefghijklmnopqrstu") (address "156.210.52.160") (nick "") (static 0)
L 09/19/2016 - 16:40:02: [amxbans_main.amxx] [AMXBans] AMXBans 6.13 is online
L 09/19/2016 - 16:40:03: [amxbans_main.amxx] [AMXBans] No Reasons found in Database. Static reasons were loaded instead.
L 09/19/2016 - 17:05:01: -------- Mapchange to ze_campescape_lg --------
L 09/19/2016 - 17:05:06: [amxbans_core.amxx] [AMXBans] WARNING: admin.amxx plugin running! stopped.
L 09/19/2016 - 17:05:07: [amxbans_main.amxx] [AMXBans] AMXBans 6.13 is online
L 09/19/2016 - 17:05:08: [amxbans_main.amxx] [AMXBans] No Reasons found in Database. Static reasons were loaded instead.
L 09/19/2016 - 17:13:08: [amxbans_core.amxx] Login: "Raheem<2936><STEAM_0:0:2482176><>" became an admin (account "Raheem") (access "abcdefghijklmnopqrstu") (address "156.210.52.160") (nick "") (static 0)
L 09/19/2016 - 17:30:06: -------- Mapchange to ze_chaka_escape --------
L 09/19/2016 - 17:30:11: [amxbans_core.amxx] [AMXBans] WARNING: admin.amxx plugin running! stopped.
L 09/19/2016 - 17:30:11: [amxbans_core.amxx] Login: "Raheem<2936><STEAM_0:0:2482176><>" became an admin (account "Raheem") (access "abcdefghijklmnopqrstu") (address "156.210.52.160") (nick "") (static 0)
L 09/19/2016 - 17:30:11: [amxbans_main.amxx] [AMXBans] AMXBans 6.13 is online
L 09/19/2016 - 17:30:12: [amxbans_main.amxx] [AMXBans] No Reasons found in Database. Static reasons were loaded instead.
L 09/19/2016 - 17:55:11: -------- Mapchange to ze_egypt_two_lg --------
L 09/19/2016 - 17:55:15: [amxbans_core.amxx] [AMXBans] WARNING: admin.amxx plugin running! stopped.
L 09/19/2016 - 17:55:15: [amxbans_main.amxx] [AMXBans] AMXBans 6.13 is online
L 09/19/2016 - 17:55:16: [amxbans_main.amxx] [AMXBans] No Reasons found in Database. Static reasons were loaded instead.
L 09/19/2016 - 18:20:15: -------- Mapchange to ze_ice4cap_lg --------
L 09/19/2016 - 18:20:20: [amxbans_core.amxx] [AMXBans] WARNING: admin.amxx plugin running! stopped.
L 09/19/2016 - 18:20:20: [amxbans_main.amxx] [AMXBans] AMXBans 6.13 is online
L 09/19/2016 - 18:20:21: [amxbans_main.amxx] [AMXBans] No Reasons found in Database. Static reasons were loaded instead.
L 09/19/2016 - 18:45:27: -------- Mapchange to ze_jurassickpark2_lg --------
L 09/19/2016 - 18:45:31: [amxbans_core.amxx] [AMXBans] WARNING: admin.amxx plugin running! stopped.
L 09/19/2016 - 18:45:32: [amxbans_main.amxx] [AMXBans] AMXBans 6.13 is online
L 09/19/2016 - 18:45:33: [amxbans_main.amxx] [AMXBans] No Reasons found in Database. Static reasons were loaded instead.
L 09/19/2016 - 19:10:33: -------- Mapchange to ze_amazonas_beta --------
L 09/19/2016 - 19:10:37: [amxbans_core.amxx] [AMXBans] WARNING: admin.amxx plugin running! stopped.
L 09/19/2016 - 19:10:37: [amxbans_main.amxx] [AMXBans] AMXBans 6.13 is online
L 09/19/2016 - 19:10:38: [amxbans_main.amxx] [AMXBans] No Reasons found in Database. Static reasons were loaded instead.
L 09/19/2016 - 19:35:37: -------- Mapchange to ze_area51_lg --------
L 09/19/2016 - 19:35:42: [amxbans_core.amxx] [AMXBans] WARNING: admin.amxx plugin running! stopped.
L 09/19/2016 - 19:35:42: [amxbans_main.amxx] [AMXBans] AMXBans 6.13 is online
L 09/19/2016 - 19:35:43: [amxbans_main.amxx] [AMXBans] No Reasons found in Database. Static reasons were loaded instead.
L 09/19/2016 - 20:00:41: -------- Mapchange to ze_assault_escape2 --------
L 09/19/2016 - 20:00:46: [amxbans_core.amxx] [AMXBans] WARNING: admin.amxx plugin running! stopped.
L 09/19/2016 - 20:00:46: [amxbans_main.amxx] [AMXBans] AMXBans 6.13 is online
L 09/19/2016 - 20:00:47: [amxbans_main.amxx] [AMXBans] No Reasons found in Database. Static reasons were loaded instead.
L 09/19/2016 - 20:25:46: -------- Mapchange to ze_black_train_v1 --------
L 09/19/2016 - 20:25:50: [amxbans_core.amxx] [AMXBans] WARNING: admin.amxx plugin running! stopped.
L 09/19/2016 - 20:25:50: [amxbans_main.amxx] [AMXBans] AMXBans 6.13 is online
L 09/19/2016 - 20:25:51: [amxbans_main.amxx] [AMXBans] No Reasons found in Database. Static reasons were loaded instead.
L 09/19/2016 - 20:50:49: -------- Mapchange to ze_blackmesa_v6 --------
L 09/19/2016 - 20:50:53: [amxbans_core.amxx] [AMXBans] WARNING: admin.amxx plugin running! stopped.
L 09/19/2016 - 20:50:54: [amxbans_main.amxx] [AMXBans] AMXBans 6.13 is online
L 09/19/2016 - 20:50:55: [amxbans_main.amxx] [AMXBans] No Reasons found in Database. Static reasons were loaded instead.
L 09/19/2016 - 21:15:53: -------- Mapchange to ze_campescape_lg --------
L 09/19/2016 - 21:15:57: [amxbans_core.amxx] [AMXBans] WARNING: admin.amxx plugin running! stopped.
L 09/19/2016 - 21:15:57: [amxbans_main.amxx] [AMXBans] AMXBans 6.13 is online
L 09/19/2016 - 21:15:58: [amxbans_main.amxx] [AMXBans] No Reasons found in Database. Static reasons were loaded instead.
L 09/19/2016 - 21:40:57: -------- Mapchange to ze_chaka_escape --------
L 09/19/2016 - 21:41:01: [amxbans_core.amxx] [AMXBans] WARNING: admin.amxx plugin running! stopped.
L 09/19/2016 - 21:41:01: [amxbans_main.amxx] [AMXBans] AMXBans 6.13 is online
L 09/19/2016 - 21:41:02: [amxbans_main.amxx] [AMXBans] No Reasons found in Database. Static reasons were loaded instead.
L 09/19/2016 - 22:06:01: -------- Mapchange to ze_egypt_two_lg --------
L 09/19/2016 - 22:06:05: [amxbans_core.amxx] [AMXBans] WARNING: admin.amxx plugin running! stopped.
L 09/19/2016 - 22:06:05: [amxbans_main.amxx] [AMXBans] AMXBans 6.13 is online
L 09/19/2016 - 22:06:06: [amxbans_main.amxx] [AMXBans] No Reasons found in Database. Static reasons were loaded instead.
L 09/19/2016 - 22:31:05: -------- Mapchange to ze_ice4cap_lg --------
L 09/19/2016 - 22:31:09: [amxbans_core.amxx] [AMXBans] WARNING: admin.amxx plugin running! stopped.
L 09/19/2016 - 22:31:09: [amxbans_main.amxx] [AMXBans] AMXBans 6.13 is online
L 09/19/2016 - 22:31:10: [amxbans_main.amxx] [AMXBans] No Reasons found in Database. Static reasons were loaded instead.
L 09/19/2016 - 22:56:09: -------- Mapchange to ze_jurassickpark2_lg --------
L 09/19/2016 - 22:56:13: [amxbans_core.amxx] [AMXBans] WARNING: admin.amxx plugin running! stopped.
L 09/19/2016 - 22:56:13: [amxbans_main.amxx] [AMXBans] AMXBans 6.13 is online
L 09/19/2016 - 22:56:14: [amxbans_main.amxx] [AMXBans] No Reasons found in Database. Static reasons were loaded instead.
L 09/19/2016 - 23:21:13: -------- Mapchange to ze_amazonas_beta --------
L 09/19/2016 - 23:21:17: [amxbans_core.amxx] [AMXBans] WARNING: admin.amxx plugin running! stopped.
L 09/19/2016 - 23:21:17: [amxbans_main.amxx] [AMXBans] AMXBans 6.13 is online
L 09/19/2016 - 23:21:18: [amxbans_main.amxx] [AMXBans] No Reasons found in Database. Static reasons were loaded instead.
L 09/19/2016 - 23:46:17: -------- Mapchange to ze_area51_lg --------
L 09/19/2016 - 23:46:22: [amxbans_core.amxx] [AMXBans] WARNING: admin.amxx plugin running! stopped.
L 09/19/2016 - 23:46:22: [amxbans_main.amxx] [AMXBans] AMXBans 6.13 is online
L 09/19/2016 - 23:46:23: [amxbans_main.amxx] [AMXBans] No Reasons found in Database. Static reasons were loaded instead.
