L 09/22/2016 - 00:21:04: -------- Mapchange to ze_black_train_v1 --------
L 09/22/2016 - 00:46:08: -------- Mapchange to ze_blackmesa_v6 --------
L 09/22/2016 - 01:11:12: -------- Mapchange to ze_campescape_lg --------
L 09/22/2016 - 01:36:16: -------- Mapchange to ze_chaka_escape --------
L 09/22/2016 - 02:01:20: -------- Mapchange to ze_egypt_two_lg --------
L 09/22/2016 - 02:26:24: -------- Mapchange to ze_ice4cap_lg --------
L 09/22/2016 - 02:51:29: -------- Mapchange to ze_jurassickpark2_lg --------
L 09/22/2016 - 03:16:33: -------- Mapchange to ze_amazonas_beta --------
L 09/22/2016 - 03:41:37: -------- Mapchange to ze_area51_lg --------
L 09/22/2016 - 04:06:41: -------- Mapchange to ze_jurassicpark2_v1 --------
L 09/22/2016 - 04:22:49: [admin.amxx] Login: "Raheem<3540><VALVE_0:5:814609086><>" kicked due to invalid password (account "Raheem") (address "197.7.71.200")
L 09/22/2016 - 04:31:46: -------- Mapchange to ze_military_v1_exp --------
L 09/22/2016 - 04:56:50: -------- Mapchange to ze_parkour_fabi --------
L 09/22/2016 - 05:21:54: -------- Mapchange to ze_amazonas_beta --------
L 09/22/2016 - 05:46:54: -------- Mapchange to ze_area51_lg --------
L 09/22/2016 - 06:11:58: -------- Mapchange to ze_assault_escape2 --------
L 09/22/2016 - 06:37:02: -------- Mapchange to ze_black_train_v1 --------
L 09/22/2016 - 07:02:06: -------- Mapchange to ze_blackmesa_v6 --------
L 09/22/2016 - 07:27:10: -------- Mapchange to ze_campescape_lg --------
L 09/22/2016 - 07:52:14: -------- Mapchange to ze_chaka_escape --------
L 09/22/2016 - 08:17:18: -------- Mapchange to ze_egypt_two_lg --------
L 09/22/2016 - 08:20:21: [admin.amxx] Login: "ToRnAdO|A|ISLAM|DZ|<3563><STEAM_0:0:918644984><>" became an admin (account "STEAM_0:0:918644984") (access "bcdeiju") (address "41.102.243.40")
L 09/22/2016 - 08:20:25: [admin.amxx] Login: "ToRnAdO|A|ISLAM|DZ|<3564><STEAM_0:0:918644984><>" became an admin (account "STEAM_0:0:918644984") (access "bcdeiju") (address "41.102.243.40")
L 09/22/2016 - 08:20:57: [plmenu.amxx] Cmd: "ToRnAdO|A|ISLAM|DZ|<3564><STEAM_0:0:918644984><>" transfer "ToRnAdO|A|ISLAM|DZ|<3564><STEAM_0:0:918644984><>" (team "TERRORIST")
L 09/22/2016 - 08:42:22: -------- Mapchange to ze_ice4cap_lg --------
L 09/22/2016 - 09:07:26: -------- Mapchange to ze_jurassickpark2_lg --------
L 09/22/2016 - 09:32:30: -------- Mapchange to ze_amazonas_beta --------
L 09/22/2016 - 09:48:48: [admin.amxx] Login: "ToRnAdO|A|ISLAM|DZ|<3573><STEAM_0:0:918644984><>" became an admin (account "STEAM_0:0:918644984") (access "bcdeiju") (address "41.102.243.40")
L 09/22/2016 - 09:48:54: [admin.amxx] Login: "ToRnAdO|A|ISLAM|DZ|<3574><STEAM_0:0:918644984><>" became an admin (account "STEAM_0:0:918644984") (access "bcdeiju") (address "41.102.243.40")
L 09/22/2016 - 09:57:34: -------- Mapchange to ze_area51_lg --------
L 09/22/2016 - 10:22:38: -------- Mapchange to ze_assault_escape2 --------
L 09/22/2016 - 10:47:43: -------- Mapchange to ze_black_train_v1 --------
L 09/22/2016 - 11:12:47: -------- Mapchange to ze_blackmesa_v6 --------
L 09/22/2016 - 11:37:51: -------- Mapchange to ze_campescape_lg --------
L 09/22/2016 - 11:42:28: [admin.amxx] Login: "ToRnAdO|A|ISLAM|DZ|<3599><STEAM_0:0:918644984><>" became an admin (account "STEAM_0:0:918644984") (access "bcdeiju") (address "41.102.243.40")
L 09/22/2016 - 11:42:32: [admin.amxx] Login: "ToRnAdO|A|ISLAM|DZ|<3600><STEAM_0:0:918644984><>" became an admin (account "STEAM_0:0:918644984") (access "bcdeiju") (address "41.102.243.40")
L 09/22/2016 - 12:02:55: -------- Mapchange to ze_chaka_escape --------
L 09/22/2016 - 12:27:59: -------- Mapchange to ze_egypt_two_lg --------
L 09/22/2016 - 12:53:04: -------- Mapchange to ze_ice4cap_lg --------
L 09/22/2016 - 13:19:18: -------- Mapchange to ze_jurassickpark2_lg --------
L 09/22/2016 - 13:44:22: -------- Mapchange to ze_jurassicpark_a1 --------
L 09/22/2016 - 14:09:27: -------- Mapchange to ze_jurassicpark2_v1 --------
L 09/22/2016 - 14:34:31: -------- Mapchange to ze_military_v1_exp --------
L 09/22/2016 - 14:59:35: -------- Mapchange to ze_parkour_fabi --------
L 09/22/2016 - 15:24:39: -------- Mapchange to ze_chaka_escape --------
L 09/22/2016 - 15:49:43: -------- Mapchange to ze_egypt_two_lg --------
L 09/22/2016 - 16:14:48: -------- Mapchange to ze_assault_escape2 --------
L 09/22/2016 - 16:39:52: -------- Mapchange to ze_black_train_v1 --------
L 09/22/2016 - 17:04:56: -------- Mapchange to ze_blackmesa_v6 --------
L 09/22/2016 - 17:30:00: -------- Mapchange to ze_campescape_lg --------
L 09/22/2016 - 17:55:05: -------- Mapchange to ze_chaka_escape --------
L 09/22/2016 - 18:20:09: -------- Mapchange to ze_egypt_two_lg --------
L 09/22/2016 - 18:45:14: -------- Mapchange to ze_ice4cap_lg --------
L 09/22/2016 - 19:10:18: -------- Mapchange to ze_jurassickpark2_lg --------
L 09/22/2016 - 19:35:22: -------- Mapchange to ze_amazonas_beta --------
L 09/22/2016 - 20:00:26: -------- Mapchange to ze_area51_lg --------
L 09/22/2016 - 20:25:30: -------- Mapchange to ze_assault_escape2 --------
L 09/22/2016 - 20:50:34: -------- Mapchange to ze_black_train_v1 --------
L 09/22/2016 - 21:15:38: -------- Mapchange to ze_blackmesa_v6 --------
L 09/22/2016 - 21:40:42: -------- Mapchange to ze_campescape_lg --------
L 09/22/2016 - 22:05:46: -------- Mapchange to ze_chaka_escape --------
L 09/22/2016 - 22:30:50: -------- Mapchange to ze_egypt_two_lg --------
L 09/22/2016 - 22:55:54: -------- Mapchange to ze_ice4cap_lg --------
L 09/22/2016 - 23:20:58: -------- Mapchange to ze_jurassickpark2_lg --------
L 09/22/2016 - 23:46:02: -------- Mapchange to ze_amazonas_beta --------
