L 09/18/2016 - 00:22:10: -------- Mapchange to ze_assault_escape2 --------
L 09/18/2016 - 00:22:14: [amxbans_core.amxx] [AMXBans] WARNING: admin.amxx plugin running! stopped.
L 09/18/2016 - 00:22:14: [amxbans_main.amxx] [AMXBans] AMXBans 6.13 is online
L 09/18/2016 - 00:22:15: [amxbans_main.amxx] [AMXBans] No Reasons found in Database. Static reasons were loaded instead.
L 09/18/2016 - 00:47:14: -------- Mapchange to ze_black_train_v1 --------
L 09/18/2016 - 00:47:18: [amxbans_core.amxx] [AMXBans] WARNING: admin.amxx plugin running! stopped.
L 09/18/2016 - 00:47:18: [amxbans_main.amxx] [AMXBans] AMXBans 6.13 is online
L 09/18/2016 - 00:47:19: [amxbans_main.amxx] [AMXBans] No Reasons found in Database. Static reasons were loaded instead.
L 09/18/2016 - 01:12:18: -------- Mapchange to ze_blackmesa_v6 --------
L 09/18/2016 - 01:12:22: [amxbans_core.amxx] [AMXBans] WARNING: admin.amxx plugin running! stopped.
L 09/18/2016 - 01:12:22: [amxbans_main.amxx] [AMXBans] AMXBans 6.13 is online
L 09/18/2016 - 01:12:23: [amxbans_main.amxx] [AMXBans] No Reasons found in Database. Static reasons were loaded instead.
L 09/18/2016 - 01:37:22: -------- Mapchange to ze_campescape_lg --------
L 09/18/2016 - 01:37:26: [amxbans_core.amxx] [AMXBans] WARNING: admin.amxx plugin running! stopped.
L 09/18/2016 - 01:37:26: [amxbans_main.amxx] [AMXBans] AMXBans 6.13 is online
L 09/18/2016 - 01:37:27: [amxbans_main.amxx] [AMXBans] No Reasons found in Database. Static reasons were loaded instead.
L 09/18/2016 - 02:02:26: -------- Mapchange to ze_chaka_escape --------
L 09/18/2016 - 02:02:30: [amxbans_core.amxx] [AMXBans] WARNING: admin.amxx plugin running! stopped.
L 09/18/2016 - 02:02:30: [amxbans_main.amxx] [AMXBans] AMXBans 6.13 is online
L 09/18/2016 - 02:02:31: [amxbans_main.amxx] [AMXBans] No Reasons found in Database. Static reasons were loaded instead.
L 09/18/2016 - 02:27:30: -------- Mapchange to ze_egypt_two_lg --------
L 09/18/2016 - 02:27:34: [amxbans_core.amxx] [AMXBans] WARNING: admin.amxx plugin running! stopped.
L 09/18/2016 - 02:27:34: [amxbans_main.amxx] [AMXBans] AMXBans 6.13 is online
L 09/18/2016 - 02:27:35: [amxbans_main.amxx] [AMXBans] No Reasons found in Database. Static reasons were loaded instead.
L 09/18/2016 - 02:52:34: -------- Mapchange to ze_ice4cap_lg --------
L 09/18/2016 - 02:52:38: [amxbans_core.amxx] [AMXBans] WARNING: admin.amxx plugin running! stopped.
L 09/18/2016 - 02:52:39: [amxbans_main.amxx] [AMXBans] AMXBans 6.13 is online
L 09/18/2016 - 02:52:40: [amxbans_main.amxx] [AMXBans] No Reasons found in Database. Static reasons were loaded instead.
L 09/18/2016 - 03:17:39: -------- Mapchange to ze_jurassickpark2_lg --------
L 09/18/2016 - 03:17:43: [amxbans_core.amxx] [AMXBans] WARNING: admin.amxx plugin running! stopped.
L 09/18/2016 - 03:17:43: [amxbans_main.amxx] [AMXBans] AMXBans 6.13 is online
L 09/18/2016 - 03:17:44: [amxbans_main.amxx] [AMXBans] No Reasons found in Database. Static reasons were loaded instead.
L 09/18/2016 - 03:42:43: -------- Mapchange to ze_amazonas_beta --------
L 09/18/2016 - 03:42:47: [amxbans_core.amxx] [AMXBans] WARNING: admin.amxx plugin running! stopped.
L 09/18/2016 - 03:42:47: [amxbans_main.amxx] [AMXBans] AMXBans 6.13 is online
L 09/18/2016 - 03:42:48: [amxbans_main.amxx] [AMXBans] No Reasons found in Database. Static reasons were loaded instead.
L 09/18/2016 - 04:07:47: -------- Mapchange to ze_area51_lg --------
L 09/18/2016 - 04:07:52: [amxbans_core.amxx] [AMXBans] WARNING: admin.amxx plugin running! stopped.
L 09/18/2016 - 04:07:52: [amxbans_main.amxx] [AMXBans] AMXBans 6.13 is online
L 09/18/2016 - 04:07:53: [amxbans_main.amxx] [AMXBans] No Reasons found in Database. Static reasons were loaded instead.
L 09/18/2016 - 04:32:52: -------- Mapchange to ze_assault_escape2 --------
L 09/18/2016 - 04:32:56: [amxbans_core.amxx] [AMXBans] WARNING: admin.amxx plugin running! stopped.
L 09/18/2016 - 04:32:56: [amxbans_main.amxx] [AMXBans] AMXBans 6.13 is online
L 09/18/2016 - 04:32:57: [amxbans_main.amxx] [AMXBans] No Reasons found in Database. Static reasons were loaded instead.
L 09/18/2016 - 04:57:56: -------- Mapchange to ze_black_train_v1 --------
L 09/18/2016 - 04:58:01: [amxbans_core.amxx] [AMXBans] WARNING: admin.amxx plugin running! stopped.
L 09/18/2016 - 04:58:01: [amxbans_main.amxx] [AMXBans] AMXBans 6.13 is online
L 09/18/2016 - 04:58:02: [amxbans_main.amxx] [AMXBans] No Reasons found in Database. Static reasons were loaded instead.
L 09/18/2016 - 05:23:01: -------- Mapchange to ze_blackmesa_v6 --------
L 09/18/2016 - 05:23:05: [amxbans_core.amxx] [AMXBans] WARNING: admin.amxx plugin running! stopped.
L 09/18/2016 - 05:23:06: [amxbans_main.amxx] [AMXBans] AMXBans 6.13 is online
L 09/18/2016 - 05:23:07: [amxbans_main.amxx] [AMXBans] No Reasons found in Database. Static reasons were loaded instead.
L 09/18/2016 - 05:48:00: -------- Mapchange to ze_jurassickpark2_lg --------
L 09/18/2016 - 05:48:05: [amxbans_core.amxx] [AMXBans] WARNING: admin.amxx plugin running! stopped.
L 09/18/2016 - 05:48:05: [amxbans_main.amxx] [AMXBans] AMXBans 6.13 is online
L 09/18/2016 - 05:48:06: [amxbans_main.amxx] [AMXBans] No Reasons found in Database. Static reasons were loaded instead.
L 09/18/2016 - 06:13:05: -------- Mapchange to ze_amazonas_beta --------
L 09/18/2016 - 06:13:09: [amxbans_core.amxx] [AMXBans] WARNING: admin.amxx plugin running! stopped.
L 09/18/2016 - 06:13:10: [amxbans_main.amxx] [AMXBans] AMXBans 6.13 is online
L 09/18/2016 - 06:13:11: [amxbans_main.amxx] [AMXBans] No Reasons found in Database. Static reasons were loaded instead.
L 09/18/2016 - 06:38:09: -------- Mapchange to ze_area51_lg --------
L 09/18/2016 - 06:38:14: [amxbans_core.amxx] [AMXBans] WARNING: admin.amxx plugin running! stopped.
L 09/18/2016 - 06:38:15: [amxbans_main.amxx] [AMXBans] AMXBans 6.13 is online
L 09/18/2016 - 06:38:16: [amxbans_main.amxx] [AMXBans] No Reasons found in Database. Static reasons were loaded instead.
L 09/18/2016 - 07:03:15: -------- Mapchange to ze_area51_v1 --------
L 09/18/2016 - 07:03:20: [amxbans_core.amxx] [AMXBans] WARNING: admin.amxx plugin running! stopped.
L 09/18/2016 - 07:03:20: [amxbans_main.amxx] [AMXBans] AMXBans 6.13 is online
L 09/18/2016 - 07:03:21: [amxbans_main.amxx] [AMXBans] No Reasons found in Database. Static reasons were loaded instead.
L 09/18/2016 - 07:24:10: [amxbans_core.amxx] Login: "Raheem<2166><STEAM_0:0:2482176><>" kicked due to invalid password (account "Raheem") (address "197.37.130.166")
L 09/18/2016 - 07:24:25: [amxbans_core.amxx] Login: "Raheem<2167><STEAM_0:0:2482176><>" became an admin (account "Raheem") (access "abcdefghijklmnopqrstu") (address "197.37.130.166") (nick "") (static 0)
L 09/18/2016 - 07:28:20: -------- Mapchange to ze_parkour_fabi --------
L 09/18/2016 - 07:28:24: [amxbans_core.amxx] [AMXBans] WARNING: admin.amxx plugin running! stopped.
L 09/18/2016 - 07:28:25: [amxbans_core.amxx] Login: "Raheem<2167><STEAM_0:0:2482176><>" became an admin (account "Raheem") (access "abcdefghijklmnopqrstu") (address "197.37.130.166") (nick "") (static 0)
L 09/18/2016 - 07:28:26: [amxbans_main.amxx] [AMXBans] AMXBans 6.13 is online
L 09/18/2016 - 07:28:27: [amxbans_main.amxx] [AMXBans] No Reasons found in Database. Static reasons were loaded instead.
L 09/18/2016 - 07:53:25: -------- Mapchange to ze_area51_lg --------
L 09/18/2016 - 07:53:29: [amxbans_core.amxx] [AMXBans] WARNING: admin.amxx plugin running! stopped.
L 09/18/2016 - 07:53:30: [amxbans_main.amxx] [AMXBans] AMXBans 6.13 is online
L 09/18/2016 - 07:53:31: [amxbans_main.amxx] [AMXBans] No Reasons found in Database. Static reasons were loaded instead.
L 09/18/2016 - 08:18:29: -------- Mapchange to ze_egypt_two_lg --------
L 09/18/2016 - 08:18:33: [amxbans_core.amxx] [AMXBans] WARNING: admin.amxx plugin running! stopped.
L 09/18/2016 - 08:18:34: [amxbans_main.amxx] [AMXBans] AMXBans 6.13 is online
L 09/18/2016 - 08:18:35: [amxbans_main.amxx] [AMXBans] No Reasons found in Database. Static reasons were loaded instead.
L 09/18/2016 - 08:43:34: -------- Mapchange to ze_jurassickpark2_lg --------
L 09/18/2016 - 08:43:38: [amxbans_core.amxx] [AMXBans] WARNING: admin.amxx plugin running! stopped.
L 09/18/2016 - 08:43:39: [amxbans_main.amxx] [AMXBans] AMXBans 6.13 is online
L 09/18/2016 - 08:43:40: [amxbans_main.amxx] [AMXBans] No Reasons found in Database. Static reasons were loaded instead.
L 09/18/2016 - 08:53:46: [amxbans_core.amxx] Login: "Raheem<2372><STEAM_0:0:2482176><>" became an admin (account "Raheem") (access "abcdefghijklmnopqrstu") (address "197.37.130.166") (nick "") (static 0)
L 09/18/2016 - 09:08:40: -------- Mapchange to ze_campescape_lg --------
L 09/18/2016 - 09:08:44: [amxbans_core.amxx] [AMXBans] WARNING: admin.amxx plugin running! stopped.
L 09/18/2016 - 09:08:44: [amxbans_core.amxx] Login: "Raheem<2372><STEAM_0:0:2482176><>" became an admin (account "Raheem") (access "abcdefghijklmnopqrstu") (address "197.37.130.166") (nick "") (static 0)
L 09/18/2016 - 09:08:45: [amxbans_main.amxx] [AMXBans] AMXBans 6.13 is online
L 09/18/2016 - 09:08:46: [amxbans_main.amxx] [AMXBans] No Reasons found in Database. Static reasons were loaded instead.
L 09/18/2016 - 09:09:29: [mapsmenu.amxx] Cmd: "Raheem<2372><STEAM_0:0:2482176><>" changelevel "ze_jurassicpark4"
L 09/18/2016 - 09:09:31: -------- Mapchange to ze_jurassicpark4 --------
L 09/18/2016 - 09:09:35: [amxbans_core.amxx] [AMXBans] WARNING: admin.amxx plugin running! stopped.
L 09/18/2016 - 09:09:35: [amxbans_core.amxx] Login: "Raheem<2372><STEAM_0:0:2482176><>" became an admin (account "Raheem") (access "abcdefghijklmnopqrstu") (address "197.37.130.166") (nick "") (static 0)
L 09/18/2016 - 09:09:37: [amxbans_main.amxx] [AMXBans] AMXBans 6.13 is online
L 09/18/2016 - 09:09:38: [amxbans_main.amxx] [AMXBans] No Reasons found in Database. Static reasons were loaded instead.
L 09/18/2016 - 09:30:50: [adminchat.amxx] Chat: "JustinBieber<2420><STEAM_0:0:257481375><>" chat "Raheem slay -_-"
L 09/18/2016 - 09:31:01: [plmenu.amxx] Cmd: "Raheem<2372><STEAM_0:0:2482176><>" slay "-_-<2340><STEAM_0:0:480504322><>"
L 09/18/2016 - 09:34:36: -------- Mapchange to ze_black_train_v1 --------
L 09/18/2016 - 09:34:40: [amxbans_core.amxx] [AMXBans] WARNING: admin.amxx plugin running! stopped.
L 09/18/2016 - 09:34:41: [amxbans_core.amxx] Login: "Raheem<2372><STEAM_0:0:2482176><>" became an admin (account "Raheem") (access "abcdefghijklmnopqrstu") (address "197.37.130.166") (nick "") (static 0)
L 09/18/2016 - 09:34:42: [amxbans_main.amxx] [AMXBans] AMXBans 6.13 is online
L 09/18/2016 - 09:34:43: [amxbans_main.amxx] [AMXBans] No Reasons found in Database. Static reasons were loaded instead.
L 09/18/2016 - 09:59:42: -------- Mapchange to ze_blackmesa_v6 --------
L 09/18/2016 - 09:59:47: [amxbans_core.amxx] [AMXBans] WARNING: admin.amxx plugin running! stopped.
L 09/18/2016 - 09:59:47: [amxbans_main.amxx] [AMXBans] AMXBans 6.13 is online
L 09/18/2016 - 09:59:48: [amxbans_main.amxx] [AMXBans] No Reasons found in Database. Static reasons were loaded instead.
L 09/18/2016 - 10:24:47: -------- Mapchange to ze_campescape_lg --------
L 09/18/2016 - 10:24:51: [amxbans_core.amxx] [AMXBans] WARNING: admin.amxx plugin running! stopped.
L 09/18/2016 - 10:24:52: [amxbans_main.amxx] [AMXBans] AMXBans 6.13 is online
L 09/18/2016 - 10:24:53: [amxbans_main.amxx] [AMXBans] No Reasons found in Database. Static reasons were loaded instead.
L 09/18/2016 - 10:46:30: [amxbans_core.amxx] Login: "Raheem<2485><STEAM_0:0:2482176><>" became an admin (account "Raheem") (access "abcdefghijklmnopqrstu") (address "197.37.130.166") (nick "") (static 0)
L 09/18/2016 - 10:46:58: [mapsmenu.amxx] Cmd: "Raheem<2485><STEAM_0:0:2482176><>" changelevel "ze_area51_lg"
L 09/18/2016 - 10:47:00: -------- Mapchange to ze_area51_lg --------
L 09/18/2016 - 10:47:05: [amxbans_core.amxx] [AMXBans] WARNING: admin.amxx plugin running! stopped.
L 09/18/2016 - 10:47:05: [amxbans_core.amxx] Login: "Raheem<2485><STEAM_0:0:2482176><>" became an admin (account "Raheem") (access "abcdefghijklmnopqrstu") (address "197.37.130.166") (nick "") (static 0)
L 09/18/2016 - 10:47:06: [amxbans_main.amxx] [AMXBans] AMXBans 6.13 is online
L 09/18/2016 - 10:47:07: [amxbans_main.amxx] [AMXBans] No Reasons found in Database. Static reasons were loaded instead.
L 09/18/2016 - 10:50:17: [mapsmenu.amxx] Cmd: "Raheem<2485><STEAM_0:0:2482176><>" changelevel "ze_area51_lg"
L 09/18/2016 - 10:50:19: -------- Mapchange to ze_area51_lg --------
L 09/18/2016 - 10:50:23: [amxbans_core.amxx] [AMXBans] WARNING: admin.amxx plugin running! stopped.
L 09/18/2016 - 10:50:24: [amxbans_core.amxx] Login: "Raheem<2485><STEAM_0:0:2482176><>" became an admin (account "Raheem") (access "abcdefghijklmnopqrstu") (address "197.37.130.166") (nick "") (static 0)
L 09/18/2016 - 10:50:24: [amxbans_main.amxx] [AMXBans] AMXBans 6.13 is online
L 09/18/2016 - 10:50:24: [fakefull_original.amxx] ERROR: Ran out of names to use, please add more to botnames.ini
L 09/18/2016 - 10:50:24: [fakefull_original.amxx] ERROR: Ran out of names to use, please add more to botnames.ini
L 09/18/2016 - 10:50:24: [ban_sameips.amxx] IP 127.0.0.1 has been banned for 30 minutes
L 09/18/2016 - 10:50:25: [amxbans_main.amxx] [AMXBans] No Reasons found in Database. Static reasons were loaded instead.
L 09/18/2016 - 11:10:24: -------- Mapchange to ze_assault_escape2 --------
L 09/18/2016 - 11:10:28: [amxbans_core.amxx] [AMXBans] WARNING: admin.amxx plugin running! stopped.
L 09/18/2016 - 11:10:29: [amxbans_main.amxx] [AMXBans] AMXBans 6.13 is online
L 09/18/2016 - 11:10:30: [amxbans_main.amxx] [AMXBans] No Reasons found in Database. Static reasons were loaded instead.
L 09/18/2016 - 11:35:28: -------- Mapchange to ze_black_train_v1 --------
L 09/18/2016 - 11:35:32: [amxbans_core.amxx] [AMXBans] WARNING: admin.amxx plugin running! stopped.
L 09/18/2016 - 11:35:33: [amxbans_main.amxx] [AMXBans] AMXBans 6.13 is online
L 09/18/2016 - 11:35:34: [amxbans_main.amxx] [AMXBans] No Reasons found in Database. Static reasons were loaded instead.
L 09/18/2016 - 11:50:49: [amxbans_core.amxx] Login: "ToRnAdO|A|ISLAM|DZ|<2502><STEAM_0:0:918644984><>" became an admin (account "STEAM_0:0:918644984") (access "bcdeiju") (address "41.102.206.203") (nick ";Islam") (static 0)
L 09/18/2016 - 11:51:46: [amxbans_core.amxx] Login: "ToRnAdO|A|ISLAM|DZ|<2503><STEAM_0:0:918644984><>" became an admin (account "STEAM_0:0:918644984") (access "bcdeiju") (address "41.102.206.203") (nick ";Islam") (static 0)
L 09/18/2016 - 11:55:55: [plmenu.amxx] Cmd: "ToRnAdO|A|ISLAM|DZ|<2503><STEAM_0:0:918644984><>" transfer "ToRnAdO|A|ISLAM|DZ|<2503><STEAM_0:0:918644984><>" (team "TERRORIST")
L 09/18/2016 - 12:00:33: -------- Mapchange to ze_parkour_fabi --------
L 09/18/2016 - 12:00:37: [amxbans_core.amxx] [AMXBans] WARNING: admin.amxx plugin running! stopped.
L 09/18/2016 - 12:00:38: [amxbans_main.amxx] [AMXBans] AMXBans 6.13 is online
L 09/18/2016 - 12:00:38: [amxbans_core.amxx] Login: "ToRnAdO|A|ISLAM|DZ|<2503><STEAM_0:0:918644984><>" became an admin (account "STEAM_0:0:918644984") (access "bcdeiju") (address "41.102.206.203") (nick ";Islam") (static 0)
L 09/18/2016 - 12:00:39: [amxbans_main.amxx] [AMXBans] No Reasons found in Database. Static reasons were loaded instead.
L 09/18/2016 - 12:07:19: [plmenu.amxx] Cmd: "ToRnAdO|A|ISLAM|DZ|<2503><STEAM_0:0:918644984><>" transfer "ToRnAdO|A|ISLAM|DZ|<2503><STEAM_0:0:918644984><>" (team "TERRORIST")
L 09/18/2016 - 12:19:42: [amxbans_core.amxx] Login: "Raheem<2520><STEAM_0:0:2482176><>" became an admin (account "Raheem") (access "abcdefghijklmnopqrstu") (address "197.37.130.166") (nick "") (static 0)
L 09/18/2016 - 12:20:53: [adminchat.amxx] Chat: "ToRnAdO|A|ISLAM|DZ|<2503><STEAM_0:0:918644984><>" tsay " raheem move "
L 09/18/2016 - 12:20:59: [adminchat.amxx] Chat: "ToRnAdO|A|ISLAM|DZ|<2503><STEAM_0:0:918644984><>" tsay " je Go call"
L 09/18/2016 - 12:21:01: [adminchat.amxx] Chat: "ToRnAdO|A|ISLAM|DZ|<2503><STEAM_0:0:918644984><>" tsay " je Go call "
L 09/18/2016 - 12:21:07: [plmenu.amxx] Cmd: "ToRnAdO|A|ISLAM|DZ|<2503><STEAM_0:0:918644984><>" transfer "ToRnAdO|A|ISLAM|DZ|<2503><STEAM_0:0:918644984><>" (team "TERRORIST")
L 09/18/2016 - 12:21:19: [admincmd.amxx] Cmd: "ToRnAdO|A|ISLAM|DZ|<2503><STEAM_0:0:918644984><>" slay "je<2519><STEAM_0:1:22912132><>"
L 09/18/2016 - 12:23:06: [plmenu.amxx] Cmd: "ToRnAdO|A|ISLAM|DZ|<2503><STEAM_0:0:918644984><>" slap with 0 damage "ToRnAdO|A|ISLAM|DZ|<2503><STEAM_0:0:918644984><>"
L 09/18/2016 - 12:23:06: [plmenu.amxx] Cmd: "ToRnAdO|A|ISLAM|DZ|<2503><STEAM_0:0:918644984><>" slap with 0 damage "ToRnAdO|A|ISLAM|DZ|<2503><STEAM_0:0:918644984><>"
L 09/18/2016 - 12:23:06: [plmenu.amxx] Cmd: "ToRnAdO|A|ISLAM|DZ|<2503><STEAM_0:0:918644984><>" slap with 0 damage "ToRnAdO|A|ISLAM|DZ|<2503><STEAM_0:0:918644984><>"
L 09/18/2016 - 12:23:07: [plmenu.amxx] Cmd: "ToRnAdO|A|ISLAM|DZ|<2503><STEAM_0:0:918644984><>" slap with 0 damage "ToRnAdO|A|ISLAM|DZ|<2503><STEAM_0:0:918644984><>"
L 09/18/2016 - 12:23:07: [plmenu.amxx] Cmd: "ToRnAdO|A|ISLAM|DZ|<2503><STEAM_0:0:918644984><>" slap with 0 damage "ToRnAdO|A|ISLAM|DZ|<2503><STEAM_0:0:918644984><>"
L 09/18/2016 - 12:23:07: [plmenu.amxx] Cmd: "ToRnAdO|A|ISLAM|DZ|<2503><STEAM_0:0:918644984><>" slap with 0 damage "ToRnAdO|A|ISLAM|DZ|<2503><STEAM_0:0:918644984><>"
L 09/18/2016 - 12:23:08: [plmenu.amxx] Cmd: "ToRnAdO|A|ISLAM|DZ|<2503><STEAM_0:0:918644984><>" slap with 0 damage "ToRnAdO|A|ISLAM|DZ|<2503><STEAM_0:0:918644984><>"
L 09/18/2016 - 12:23:08: [plmenu.amxx] Cmd: "ToRnAdO|A|ISLAM|DZ|<2503><STEAM_0:0:918644984><>" slap with 0 damage "ToRnAdO|A|ISLAM|DZ|<2503><STEAM_0:0:918644984><>"
L 09/18/2016 - 12:23:08: [plmenu.amxx] Cmd: "ToRnAdO|A|ISLAM|DZ|<2503><STEAM_0:0:918644984><>" slap with 0 damage "ToRnAdO|A|ISLAM|DZ|<2503><STEAM_0:0:918644984><>"
L 09/18/2016 - 12:23:09: [plmenu.amxx] Cmd: "ToRnAdO|A|ISLAM|DZ|<2503><STEAM_0:0:918644984><>" slap with 0 damage "ToRnAdO|A|ISLAM|DZ|<2503><STEAM_0:0:918644984><>"
L 09/18/2016 - 12:23:09: [plmenu.amxx] Cmd: "ToRnAdO|A|ISLAM|DZ|<2503><STEAM_0:0:918644984><>" slap with 0 damage "ToRnAdO|A|ISLAM|DZ|<2503><STEAM_0:0:918644984><>"
L 09/18/2016 - 12:23:09: [plmenu.amxx] Cmd: "ToRnAdO|A|ISLAM|DZ|<2503><STEAM_0:0:918644984><>" slap with 0 damage "ToRnAdO|A|ISLAM|DZ|<2503><STEAM_0:0:918644984><>"
L 09/18/2016 - 12:23:10: [plmenu.amxx] Cmd: "ToRnAdO|A|ISLAM|DZ|<2503><STEAM_0:0:918644984><>" slap with 0 damage "ToRnAdO|A|ISLAM|DZ|<2503><STEAM_0:0:918644984><>"
L 09/18/2016 - 12:23:10: [plmenu.amxx] Cmd: "ToRnAdO|A|ISLAM|DZ|<2503><STEAM_0:0:918644984><>" slap with 0 damage "ToRnAdO|A|ISLAM|DZ|<2503><STEAM_0:0:918644984><>"
L 09/18/2016 - 12:23:10: [plmenu.amxx] Cmd: "ToRnAdO|A|ISLAM|DZ|<2503><STEAM_0:0:918644984><>" slap with 0 damage "ToRnAdO|A|ISLAM|DZ|<2503><STEAM_0:0:918644984><>"
L 09/18/2016 - 12:23:11: [plmenu.amxx] Cmd: "ToRnAdO|A|ISLAM|DZ|<2503><STEAM_0:0:918644984><>" slap with 0 damage "ToRnAdO|A|ISLAM|DZ|<2503><STEAM_0:0:918644984><>"
L 09/18/2016 - 12:23:11: [plmenu.amxx] Cmd: "ToRnAdO|A|ISLAM|DZ|<2503><STEAM_0:0:918644984><>" slap with 0 damage "ToRnAdO|A|ISLAM|DZ|<2503><STEAM_0:0:918644984><>"
L 09/18/2016 - 12:23:11: [plmenu.amxx] Cmd: "ToRnAdO|A|ISLAM|DZ|<2503><STEAM_0:0:918644984><>" slap with 0 damage "ToRnAdO|A|ISLAM|DZ|<2503><STEAM_0:0:918644984><>"
L 09/18/2016 - 12:23:12: [plmenu.amxx] Cmd: "ToRnAdO|A|ISLAM|DZ|<2503><STEAM_0:0:918644984><>" slap with 0 damage "ToRnAdO|A|ISLAM|DZ|<2503><STEAM_0:0:918644984><>"
L 09/18/2016 - 12:23:12: [plmenu.amxx] Cmd: "ToRnAdO|A|ISLAM|DZ|<2503><STEAM_0:0:918644984><>" slap with 0 damage "ToRnAdO|A|ISLAM|DZ|<2503><STEAM_0:0:918644984><>"
L 09/18/2016 - 12:23:12: [plmenu.amxx] Cmd: "ToRnAdO|A|ISLAM|DZ|<2503><STEAM_0:0:918644984><>" slap with 0 damage "ToRnAdO|A|ISLAM|DZ|<2503><STEAM_0:0:918644984><>"
L 09/18/2016 - 12:23:12: [plmenu.amxx] Cmd: "ToRnAdO|A|ISLAM|DZ|<2503><STEAM_0:0:918644984><>" slap with 0 damage "ToRnAdO|A|ISLAM|DZ|<2503><STEAM_0:0:918644984><>"
L 09/18/2016 - 12:23:13: [plmenu.amxx] Cmd: "ToRnAdO|A|ISLAM|DZ|<2503><STEAM_0:0:918644984><>" slap with 0 damage "ToRnAdO|A|ISLAM|DZ|<2503><STEAM_0:0:918644984><>"
L 09/18/2016 - 12:23:13: [plmenu.amxx] Cmd: "ToRnAdO|A|ISLAM|DZ|<2503><STEAM_0:0:918644984><>" slap with 0 damage "ToRnAdO|A|ISLAM|DZ|<2503><STEAM_0:0:918644984><>"
L 09/18/2016 - 12:23:13: [plmenu.amxx] Cmd: "ToRnAdO|A|ISLAM|DZ|<2503><STEAM_0:0:918644984><>" slap with 0 damage "ToRnAdO|A|ISLAM|DZ|<2503><STEAM_0:0:918644984><>"
L 09/18/2016 - 12:23:14: [plmenu.amxx] Cmd: "ToRnAdO|A|ISLAM|DZ|<2503><STEAM_0:0:918644984><>" slap with 0 damage "ToRnAdO|A|ISLAM|DZ|<2503><STEAM_0:0:918644984><>"
L 09/18/2016 - 12:23:14: [plmenu.amxx] Cmd: "ToRnAdO|A|ISLAM|DZ|<2503><STEAM_0:0:918644984><>" slap with 0 damage "ToRnAdO|A|ISLAM|DZ|<2503><STEAM_0:0:918644984><>"
L 09/18/2016 - 12:23:15: [plmenu.amxx] Cmd: "ToRnAdO|A|ISLAM|DZ|<2503><STEAM_0:0:918644984><>" slap with 0 damage "ToRnAdO|A|ISLAM|DZ|<2503><STEAM_0:0:918644984><>"
L 09/18/2016 - 12:23:15: [plmenu.amxx] Cmd: "ToRnAdO|A|ISLAM|DZ|<2503><STEAM_0:0:918644984><>" slap with 0 damage "ToRnAdO|A|ISLAM|DZ|<2503><STEAM_0:0:918644984><>"
L 09/18/2016 - 12:23:15: [plmenu.amxx] Cmd: "ToRnAdO|A|ISLAM|DZ|<2503><STEAM_0:0:918644984><>" slap with 0 damage "ToRnAdO|A|ISLAM|DZ|<2503><STEAM_0:0:918644984><>"
L 09/18/2016 - 12:23:16: [plmenu.amxx] Cmd: "ToRnAdO|A|ISLAM|DZ|<2503><STEAM_0:0:918644984><>" slap with 0 damage "ToRnAdO|A|ISLAM|DZ|<2503><STEAM_0:0:918644984><>"
L 09/18/2016 - 12:23:16: [plmenu.amxx] Cmd: "ToRnAdO|A|ISLAM|DZ|<2503><STEAM_0:0:918644984><>" slap with 0 damage "ToRnAdO|A|ISLAM|DZ|<2503><STEAM_0:0:918644984><>"
L 09/18/2016 - 12:23:17: [plmenu.amxx] Cmd: "ToRnAdO|A|ISLAM|DZ|<2503><STEAM_0:0:918644984><>" slap with 0 damage "ToRnAdO|A|ISLAM|DZ|<2503><STEAM_0:0:918644984><>"
L 09/18/2016 - 12:23:17: [plmenu.amxx] Cmd: "ToRnAdO|A|ISLAM|DZ|<2503><STEAM_0:0:918644984><>" slap with 0 damage "ToRnAdO|A|ISLAM|DZ|<2503><STEAM_0:0:918644984><>"
L 09/18/2016 - 12:23:17: [plmenu.amxx] Cmd: "ToRnAdO|A|ISLAM|DZ|<2503><STEAM_0:0:918644984><>" slap with 0 damage "ToRnAdO|A|ISLAM|DZ|<2503><STEAM_0:0:918644984><>"
L 09/18/2016 - 12:23:17: [plmenu.amxx] Cmd: "ToRnAdO|A|ISLAM|DZ|<2503><STEAM_0:0:918644984><>" slap with 0 damage "ToRnAdO|A|ISLAM|DZ|<2503><STEAM_0:0:918644984><>"
L 09/18/2016 - 12:23:18: [plmenu.amxx] Cmd: "ToRnAdO|A|ISLAM|DZ|<2503><STEAM_0:0:918644984><>" slap with 0 damage "ToRnAdO|A|ISLAM|DZ|<2503><STEAM_0:0:918644984><>"
L 09/18/2016 - 12:23:18: [plmenu.amxx] Cmd: "ToRnAdO|A|ISLAM|DZ|<2503><STEAM_0:0:918644984><>" slap with 0 damage "ToRnAdO|A|ISLAM|DZ|<2503><STEAM_0:0:918644984><>"
L 09/18/2016 - 12:23:18: [plmenu.amxx] Cmd: "ToRnAdO|A|ISLAM|DZ|<2503><STEAM_0:0:918644984><>" slap with 0 damage "ToRnAdO|A|ISLAM|DZ|<2503><STEAM_0:0:918644984><>"
L 09/18/2016 - 12:23:18: [plmenu.amxx] Cmd: "ToRnAdO|A|ISLAM|DZ|<2503><STEAM_0:0:918644984><>" slap with 0 damage "ToRnAdO|A|ISLAM|DZ|<2503><STEAM_0:0:918644984><>"
L 09/18/2016 - 12:23:19: [plmenu.amxx] Cmd: "ToRnAdO|A|ISLAM|DZ|<2503><STEAM_0:0:918644984><>" slap with 0 damage "ToRnAdO|A|ISLAM|DZ|<2503><STEAM_0:0:918644984><>"
L 09/18/2016 - 12:23:19: [plmenu.amxx] Cmd: "ToRnAdO|A|ISLAM|DZ|<2503><STEAM_0:0:918644984><>" slap with 0 damage "ToRnAdO|A|ISLAM|DZ|<2503><STEAM_0:0:918644984><>"
L 09/18/2016 - 12:23:20: [plmenu.amxx] Cmd: "ToRnAdO|A|ISLAM|DZ|<2503><STEAM_0:0:918644984><>" slap with 0 damage "ToRnAdO|A|ISLAM|DZ|<2503><STEAM_0:0:918644984><>"
L 09/18/2016 - 12:23:20: [plmenu.amxx] Cmd: "ToRnAdO|A|ISLAM|DZ|<2503><STEAM_0:0:918644984><>" slap with 0 damage "ToRnAdO|A|ISLAM|DZ|<2503><STEAM_0:0:918644984><>"
L 09/18/2016 - 12:23:20: [plmenu.amxx] Cmd: "ToRnAdO|A|ISLAM|DZ|<2503><STEAM_0:0:918644984><>" slap with 0 damage "ToRnAdO|A|ISLAM|DZ|<2503><STEAM_0:0:918644984><>"
L 09/18/2016 - 12:23:21: [plmenu.amxx] Cmd: "ToRnAdO|A|ISLAM|DZ|<2503><STEAM_0:0:918644984><>" slap with 0 damage "ToRnAdO|A|ISLAM|DZ|<2503><STEAM_0:0:918644984><>"
L 09/18/2016 - 12:23:21: [plmenu.amxx] Cmd: "ToRnAdO|A|ISLAM|DZ|<2503><STEAM_0:0:918644984><>" slap with 0 damage "ToRnAdO|A|ISLAM|DZ|<2503><STEAM_0:0:918644984><>"
L 09/18/2016 - 12:23:21: [plmenu.amxx] Cmd: "ToRnAdO|A|ISLAM|DZ|<2503><STEAM_0:0:918644984><>" slap with 0 damage "ToRnAdO|A|ISLAM|DZ|<2503><STEAM_0:0:918644984><>"
L 09/18/2016 - 12:23:22: [plmenu.amxx] Cmd: "ToRnAdO|A|ISLAM|DZ|<2503><STEAM_0:0:918644984><>" slap with 0 damage "ToRnAdO|A|ISLAM|DZ|<2503><STEAM_0:0:918644984><>"
L 09/18/2016 - 12:23:22: [plmenu.amxx] Cmd: "ToRnAdO|A|ISLAM|DZ|<2503><STEAM_0:0:918644984><>" slap with 0 damage "ToRnAdO|A|ISLAM|DZ|<2503><STEAM_0:0:918644984><>"
L 09/18/2016 - 12:23:22: [plmenu.amxx] Cmd: "ToRnAdO|A|ISLAM|DZ|<2503><STEAM_0:0:918644984><>" slap with 0 damage "ToRnAdO|A|ISLAM|DZ|<2503><STEAM_0:0:918644984><>"
L 09/18/2016 - 12:23:23: [plmenu.amxx] Cmd: "ToRnAdO|A|ISLAM|DZ|<2503><STEAM_0:0:918644984><>" slap with 0 damage "ToRnAdO|A|ISLAM|DZ|<2503><STEAM_0:0:918644984><>"
L 09/18/2016 - 12:23:23: [plmenu.amxx] Cmd: "ToRnAdO|A|ISLAM|DZ|<2503><STEAM_0:0:918644984><>" slap with 0 damage "ToRnAdO|A|ISLAM|DZ|<2503><STEAM_0:0:918644984><>"
L 09/18/2016 - 12:23:23: [plmenu.amxx] Cmd: "ToRnAdO|A|ISLAM|DZ|<2503><STEAM_0:0:918644984><>" slap with 0 damage "ToRnAdO|A|ISLAM|DZ|<2503><STEAM_0:0:918644984><>"
L 09/18/2016 - 12:23:24: [plmenu.amxx] Cmd: "ToRnAdO|A|ISLAM|DZ|<2503><STEAM_0:0:918644984><>" slap with 0 damage "ToRnAdO|A|ISLAM|DZ|<2503><STEAM_0:0:918644984><>"
L 09/18/2016 - 12:23:24: [plmenu.amxx] Cmd: "ToRnAdO|A|ISLAM|DZ|<2503><STEAM_0:0:918644984><>" slap with 0 damage "ToRnAdO|A|ISLAM|DZ|<2503><STEAM_0:0:918644984><>"
L 09/18/2016 - 12:23:24: [plmenu.amxx] Cmd: "ToRnAdO|A|ISLAM|DZ|<2503><STEAM_0:0:918644984><>" slap with 0 damage "ToRnAdO|A|ISLAM|DZ|<2503><STEAM_0:0:918644984><>"
L 09/18/2016 - 12:23:25: [plmenu.amxx] Cmd: "ToRnAdO|A|ISLAM|DZ|<2503><STEAM_0:0:918644984><>" slap with 0 damage "ToRnAdO|A|ISLAM|DZ|<2503><STEAM_0:0:918644984><>"
L 09/18/2016 - 12:23:25: [plmenu.amxx] Cmd: "ToRnAdO|A|ISLAM|DZ|<2503><STEAM_0:0:918644984><>" slap with 0 damage "ToRnAdO|A|ISLAM|DZ|<2503><STEAM_0:0:918644984><>"
L 09/18/2016 - 12:23:25: [plmenu.amxx] Cmd: "ToRnAdO|A|ISLAM|DZ|<2503><STEAM_0:0:918644984><>" slap with 0 damage "ToRnAdO|A|ISLAM|DZ|<2503><STEAM_0:0:918644984><>"
L 09/18/2016 - 12:23:26: [plmenu.amxx] Cmd: "ToRnAdO|A|ISLAM|DZ|<2503><STEAM_0:0:918644984><>" slap with 0 damage "ToRnAdO|A|ISLAM|DZ|<2503><STEAM_0:0:918644984><>"
L 09/18/2016 - 12:23:26: [plmenu.amxx] Cmd: "ToRnAdO|A|ISLAM|DZ|<2503><STEAM_0:0:918644984><>" slap with 0 damage "ToRnAdO|A|ISLAM|DZ|<2503><STEAM_0:0:918644984><>"
L 09/18/2016 - 12:23:26: [plmenu.amxx] Cmd: "ToRnAdO|A|ISLAM|DZ|<2503><STEAM_0:0:918644984><>" slap with 0 damage "ToRnAdO|A|ISLAM|DZ|<2503><STEAM_0:0:918644984><>"
L 09/18/2016 - 12:23:26: [plmenu.amxx] Cmd: "ToRnAdO|A|ISLAM|DZ|<2503><STEAM_0:0:918644984><>" slap with 0 damage "ToRnAdO|A|ISLAM|DZ|<2503><STEAM_0:0:918644984><>"
L 09/18/2016 - 12:23:27: [plmenu.amxx] Cmd: "ToRnAdO|A|ISLAM|DZ|<2503><STEAM_0:0:918644984><>" slap with 0 damage "ToRnAdO|A|ISLAM|DZ|<2503><STEAM_0:0:918644984><>"
L 09/18/2016 - 12:23:27: [plmenu.amxx] Cmd: "ToRnAdO|A|ISLAM|DZ|<2503><STEAM_0:0:918644984><>" slap with 0 damage "ToRnAdO|A|ISLAM|DZ|<2503><STEAM_0:0:918644984><>"
L 09/18/2016 - 12:23:27: [plmenu.amxx] Cmd: "ToRnAdO|A|ISLAM|DZ|<2503><STEAM_0:0:918644984><>" slap with 0 damage "ToRnAdO|A|ISLAM|DZ|<2503><STEAM_0:0:918644984><>"
L 09/18/2016 - 12:23:28: [plmenu.amxx] Cmd: "ToRnAdO|A|ISLAM|DZ|<2503><STEAM_0:0:918644984><>" slap with 0 damage "ToRnAdO|A|ISLAM|DZ|<2503><STEAM_0:0:918644984><>"
L 09/18/2016 - 12:23:28: [plmenu.amxx] Cmd: "ToRnAdO|A|ISLAM|DZ|<2503><STEAM_0:0:918644984><>" slap with 0 damage "ToRnAdO|A|ISLAM|DZ|<2503><STEAM_0:0:918644984><>"
L 09/18/2016 - 12:23:28: [plmenu.amxx] Cmd: "ToRnAdO|A|ISLAM|DZ|<2503><STEAM_0:0:918644984><>" slap with 0 damage "ToRnAdO|A|ISLAM|DZ|<2503><STEAM_0:0:918644984><>"
L 09/18/2016 - 12:23:29: [plmenu.amxx] Cmd: "ToRnAdO|A|ISLAM|DZ|<2503><STEAM_0:0:918644984><>" slap with 0 damage "ToRnAdO|A|ISLAM|DZ|<2503><STEAM_0:0:918644984><>"
L 09/18/2016 - 12:23:29: [plmenu.amxx] Cmd: "ToRnAdO|A|ISLAM|DZ|<2503><STEAM_0:0:918644984><>" slap with 0 damage "ToRnAdO|A|ISLAM|DZ|<2503><STEAM_0:0:918644984><>"
L 09/18/2016 - 12:23:29: [plmenu.amxx] Cmd: "ToRnAdO|A|ISLAM|DZ|<2503><STEAM_0:0:918644984><>" slap with 0 damage "ToRnAdO|A|ISLAM|DZ|<2503><STEAM_0:0:918644984><>"
L 09/18/2016 - 12:23:29: [plmenu.amxx] Cmd: "ToRnAdO|A|ISLAM|DZ|<2503><STEAM_0:0:918644984><>" slap with 0 damage "ToRnAdO|A|ISLAM|DZ|<2503><STEAM_0:0:918644984><>"
L 09/18/2016 - 12:23:31: [plmenu.amxx] Cmd: "ToRnAdO|A|ISLAM|DZ|<2503><STEAM_0:0:918644984><>" slap with 0 damage "ToRnAdO|A|ISLAM|DZ|<2503><STEAM_0:0:918644984><>"
L 09/18/2016 - 12:23:31: [plmenu.amxx] Cmd: "ToRnAdO|A|ISLAM|DZ|<2503><STEAM_0:0:918644984><>" slap with 0 damage "ToRnAdO|A|ISLAM|DZ|<2503><STEAM_0:0:918644984><>"
L 09/18/2016 - 12:23:31: [plmenu.amxx] Cmd: "ToRnAdO|A|ISLAM|DZ|<2503><STEAM_0:0:918644984><>" slap with 0 damage "ToRnAdO|A|ISLAM|DZ|<2503><STEAM_0:0:918644984><>"
L 09/18/2016 - 12:23:31: [plmenu.amxx] Cmd: "ToRnAdO|A|ISLAM|DZ|<2503><STEAM_0:0:918644984><>" slap with 0 damage "ToRnAdO|A|ISLAM|DZ|<2503><STEAM_0:0:918644984><>"
L 09/18/2016 - 12:23:32: [plmenu.amxx] Cmd: "ToRnAdO|A|ISLAM|DZ|<2503><STEAM_0:0:918644984><>" slap with 0 damage "ToRnAdO|A|ISLAM|DZ|<2503><STEAM_0:0:918644984><>"
L 09/18/2016 - 12:23:32: [plmenu.amxx] Cmd: "ToRnAdO|A|ISLAM|DZ|<2503><STEAM_0:0:918644984><>" slap with 0 damage "ToRnAdO|A|ISLAM|DZ|<2503><STEAM_0:0:918644984><>"
L 09/18/2016 - 12:23:32: [plmenu.amxx] Cmd: "ToRnAdO|A|ISLAM|DZ|<2503><STEAM_0:0:918644984><>" slap with 0 damage "ToRnAdO|A|ISLAM|DZ|<2503><STEAM_0:0:918644984><>"
L 09/18/2016 - 12:23:33: [plmenu.amxx] Cmd: "ToRnAdO|A|ISLAM|DZ|<2503><STEAM_0:0:918644984><>" slap with 0 damage "ToRnAdO|A|ISLAM|DZ|<2503><STEAM_0:0:918644984><>"
L 09/18/2016 - 12:23:33: [plmenu.amxx] Cmd: "ToRnAdO|A|ISLAM|DZ|<2503><STEAM_0:0:918644984><>" slap with 0 damage "ToRnAdO|A|ISLAM|DZ|<2503><STEAM_0:0:918644984><>"
L 09/18/2016 - 12:23:33: [plmenu.amxx] Cmd: "ToRnAdO|A|ISLAM|DZ|<2503><STEAM_0:0:918644984><>" slap with 0 damage "ToRnAdO|A|ISLAM|DZ|<2503><STEAM_0:0:918644984><>"
L 09/18/2016 - 12:23:34: [plmenu.amxx] Cmd: "ToRnAdO|A|ISLAM|DZ|<2503><STEAM_0:0:918644984><>" slap with 0 damage "ToRnAdO|A|ISLAM|DZ|<2503><STEAM_0:0:918644984><>"
L 09/18/2016 - 12:23:34: [plmenu.amxx] Cmd: "ToRnAdO|A|ISLAM|DZ|<2503><STEAM_0:0:918644984><>" slap with 0 damage "ToRnAdO|A|ISLAM|DZ|<2503><STEAM_0:0:918644984><>"
L 09/18/2016 - 12:23:34: [plmenu.amxx] Cmd: "ToRnAdO|A|ISLAM|DZ|<2503><STEAM_0:0:918644984><>" slap with 0 damage "ToRnAdO|A|ISLAM|DZ|<2503><STEAM_0:0:918644984><>"
L 09/18/2016 - 12:23:34: [plmenu.amxx] Cmd: "ToRnAdO|A|ISLAM|DZ|<2503><STEAM_0:0:918644984><>" slap with 0 damage "ToRnAdO|A|ISLAM|DZ|<2503><STEAM_0:0:918644984><>"
L 09/18/2016 - 12:23:35: [plmenu.amxx] Cmd: "ToRnAdO|A|ISLAM|DZ|<2503><STEAM_0:0:918644984><>" slap with 0 damage "ToRnAdO|A|ISLAM|DZ|<2503><STEAM_0:0:918644984><>"
L 09/18/2016 - 12:23:35: [plmenu.amxx] Cmd: "ToRnAdO|A|ISLAM|DZ|<2503><STEAM_0:0:918644984><>" slap with 0 damage "ToRnAdO|A|ISLAM|DZ|<2503><STEAM_0:0:918644984><>"
L 09/18/2016 - 12:23:35: [plmenu.amxx] Cmd: "ToRnAdO|A|ISLAM|DZ|<2503><STEAM_0:0:918644984><>" slap with 0 damage "ToRnAdO|A|ISLAM|DZ|<2503><STEAM_0:0:918644984><>"
L 09/18/2016 - 12:23:36: [plmenu.amxx] Cmd: "ToRnAdO|A|ISLAM|DZ|<2503><STEAM_0:0:918644984><>" slap with 0 damage "ToRnAdO|A|ISLAM|DZ|<2503><STEAM_0:0:918644984><>"
L 09/18/2016 - 12:23:36: [plmenu.amxx] Cmd: "ToRnAdO|A|ISLAM|DZ|<2503><STEAM_0:0:918644984><>" slap with 0 damage "ToRnAdO|A|ISLAM|DZ|<2503><STEAM_0:0:918644984><>"
L 09/18/2016 - 12:23:36: [plmenu.amxx] Cmd: "ToRnAdO|A|ISLAM|DZ|<2503><STEAM_0:0:918644984><>" slap with 0 damage "ToRnAdO|A|ISLAM|DZ|<2503><STEAM_0:0:918644984><>"
L 09/18/2016 - 12:23:36: [plmenu.amxx] Cmd: "ToRnAdO|A|ISLAM|DZ|<2503><STEAM_0:0:918644984><>" slap with 0 damage "ToRnAdO|A|ISLAM|DZ|<2503><STEAM_0:0:918644984><>"
L 09/18/2016 - 12:23:37: [plmenu.amxx] Cmd: "ToRnAdO|A|ISLAM|DZ|<2503><STEAM_0:0:918644984><>" slap with 0 damage "ToRnAdO|A|ISLAM|DZ|<2503><STEAM_0:0:918644984><>"
L 09/18/2016 - 12:23:37: [plmenu.amxx] Cmd: "ToRnAdO|A|ISLAM|DZ|<2503><STEAM_0:0:918644984><>" slap with 0 damage "ToRnAdO|A|ISLAM|DZ|<2503><STEAM_0:0:918644984><>"
L 09/18/2016 - 12:23:37: [plmenu.amxx] Cmd: "ToRnAdO|A|ISLAM|DZ|<2503><STEAM_0:0:918644984><>" slap with 0 damage "ToRnAdO|A|ISLAM|DZ|<2503><STEAM_0:0:918644984><>"
L 09/18/2016 - 12:23:58: [admincmd.amxx] Cmd: "ToRnAdO|A|ISLAM|DZ|<2503><STEAM_0:0:918644984><>" slay "ToRnAdO|A|ISLAM|DZ|<2503><STEAM_0:0:918644984><>"
L 09/18/2016 - 12:24:17: [admincmd.amxx] Cmd: "ToRnAdO|A|ISLAM|DZ|<2503><STEAM_0:0:918644984><>" slay "ToRnAdO|A|ISLAM|DZ|<2503><STEAM_0:0:918644984><>"
L 09/18/2016 - 12:25:37: -------- Mapchange to ze_jurassicpark_a1 --------
L 09/18/2016 - 12:25:42: [amxbans_core.amxx] [AMXBans] WARNING: admin.amxx plugin running! stopped.
L 09/18/2016 - 12:25:42: [amxbans_core.amxx] Login: "Raheem<2520><STEAM_0:0:2482176><>" became an admin (account "Raheem") (access "abcdefghijklmnopqrstu") (address "197.37.130.166") (nick "") (static 0)
L 09/18/2016 - 12:25:43: [amxbans_main.amxx] [AMXBans] AMXBans 6.13 is online
L 09/18/2016 - 12:25:43: [amxbans_core.amxx] Login: "ToRnAdO|A|ISLAM|DZ|<2503><STEAM_0:0:918644984><>" became an admin (account "STEAM_0:0:918644984") (access "bcdeiju") (address "41.102.206.203") (nick ";Islam") (static 0)
L 09/18/2016 - 12:25:44: [amxbans_main.amxx] [AMXBans] No Reasons found in Database. Static reasons were loaded instead.
L 09/18/2016 - 12:29:09: [amxbans_core.amxx] Login: "ToRnAdO|A|ISLAM|DZ|<2525><STEAM_0:0:918644984><>" became an admin (account "STEAM_0:0:918644984") (access "bcdeiju") (address "41.102.206.203") (nick ";Islam") (static 0)
L 09/18/2016 - 12:50:43: -------- Mapchange to ze_jurassicpark2_v1 --------
L 09/18/2016 - 12:50:48: [amxbans_core.amxx] [AMXBans] WARNING: admin.amxx plugin running! stopped.
L 09/18/2016 - 12:50:48: [amxbans_main.amxx] [AMXBans] AMXBans 6.13 is online
L 09/18/2016 - 12:50:49: [amxbans_main.amxx] [AMXBans] No Reasons found in Database. Static reasons were loaded instead.
L 09/18/2016 - 12:51:36: [amxbans_core.amxx] Login: "ToRnAdO|A|ISLAM|DZ|<2533><STEAM_0:0:918644984><>" became an admin (account "STEAM_0:0:918644984") (access "bcdeiju") (address "41.102.29.133") (nick ";Islam") (static 0)
L 09/18/2016 - 13:15:48: -------- Mapchange to ze_military_v1_exp --------
L 09/18/2016 - 13:15:52: [amxbans_core.amxx] [AMXBans] WARNING: admin.amxx plugin running! stopped.
L 09/18/2016 - 13:15:53: [amxbans_main.amxx] [AMXBans] AMXBans 6.13 is online
L 09/18/2016 - 13:15:54: [amxbans_main.amxx] [AMXBans] No Reasons found in Database. Static reasons were loaded instead.
L 09/18/2016 - 13:40:55: -------- Mapchange to ze_parkour_fabi --------
L 09/18/2016 - 13:40:59: [amxbans_core.amxx] [AMXBans] WARNING: admin.amxx plugin running! stopped.
L 09/18/2016 - 13:40:59: [amxbans_main.amxx] [AMXBans] AMXBans 6.13 is online
L 09/18/2016 - 13:41:00: [amxbans_main.amxx] [AMXBans] No Reasons found in Database. Static reasons were loaded instead.
L 09/18/2016 - 14:05:59: -------- Mapchange to ze_jurassicpark4 --------
L 09/18/2016 - 14:06:04: [amxbans_core.amxx] [AMXBans] WARNING: admin.amxx plugin running! stopped.
L 09/18/2016 - 14:06:04: [amxbans_main.amxx] [AMXBans] AMXBans 6.13 is online
L 09/18/2016 - 14:06:05: [amxbans_main.amxx] [AMXBans] No Reasons found in Database. Static reasons were loaded instead.
L 09/18/2016 - 14:22:04: -------- Mapchange to ze_area51_lg --------
L 09/18/2016 - 14:22:08: [amxbans_core.amxx] [AMXBans] WARNING: admin.amxx plugin running! stopped.
L 09/18/2016 - 14:22:08: [amxbans_main.amxx] [AMXBans] AMXBans 6.13 is online
L 09/18/2016 - 14:22:09: [amxbans_main.amxx] [AMXBans] No Reasons found in Database. Static reasons were loaded instead.
L 09/18/2016 - 14:47:08: -------- Mapchange to ze_assault_escape2 --------
L 09/18/2016 - 14:47:13: [amxbans_core.amxx] [AMXBans] WARNING: admin.amxx plugin running! stopped.
L 09/18/2016 - 14:47:13: [amxbans_main.amxx] [AMXBans] AMXBans 6.13 is online
L 09/18/2016 - 14:47:14: [amxbans_main.amxx] [AMXBans] No Reasons found in Database. Static reasons were loaded instead.
L 09/18/2016 - 15:12:13: -------- Mapchange to ze_black_train_v1 --------
L 09/18/2016 - 15:12:17: [amxbans_core.amxx] [AMXBans] WARNING: admin.amxx plugin running! stopped.
L 09/18/2016 - 15:12:18: [amxbans_main.amxx] [AMXBans] AMXBans 6.13 is online
L 09/18/2016 - 15:12:19: [amxbans_main.amxx] [AMXBans] No Reasons found in Database. Static reasons were loaded instead.
L 09/18/2016 - 15:37:17: -------- Mapchange to ze_blackmesa_v6 --------
L 09/18/2016 - 15:37:21: [amxbans_core.amxx] [AMXBans] WARNING: admin.amxx plugin running! stopped.
L 09/18/2016 - 15:37:21: [amxbans_main.amxx] [AMXBans] AMXBans 6.13 is online
L 09/18/2016 - 15:37:22: [amxbans_main.amxx] [AMXBans] No Reasons found in Database. Static reasons were loaded instead.
L 09/18/2016 - 15:44:21: -------- Mapchange to ze_jurassickpark3_lg --------
L 09/18/2016 - 15:44:25: [amxbans_core.amxx] [AMXBans] WARNING: admin.amxx plugin running! stopped.
L 09/18/2016 - 15:44:26: [amxbans_main.amxx] [AMXBans] AMXBans 6.13 is online
L 09/18/2016 - 15:44:27: [amxbans_main.amxx] [AMXBans] No Reasons found in Database. Static reasons were loaded instead.
L 09/18/2016 - 16:09:26: -------- Mapchange to ze_jurassicpark_a1 --------
L 09/18/2016 - 16:09:30: [amxbans_core.amxx] [AMXBans] WARNING: admin.amxx plugin running! stopped.
L 09/18/2016 - 16:09:30: [amxbans_main.amxx] [AMXBans] AMXBans 6.13 is online
L 09/18/2016 - 16:09:31: [amxbans_main.amxx] [AMXBans] No Reasons found in Database. Static reasons were loaded instead.
L 09/18/2016 - 16:34:30: -------- Mapchange to ze_area51_lg --------
L 09/18/2016 - 16:34:34: [amxbans_core.amxx] [AMXBans] WARNING: admin.amxx plugin running! stopped.
L 09/18/2016 - 16:34:34: [amxbans_main.amxx] [AMXBans] AMXBans 6.13 is online
L 09/18/2016 - 16:34:35: [amxbans_main.amxx] [AMXBans] No Reasons found in Database. Static reasons were loaded instead.
L 09/18/2016 - 16:48:34: -------- Mapchange to ze_jurassicpark2_v1 --------
L 09/18/2016 - 16:48:39: [amxbans_core.amxx] [AMXBans] WARNING: admin.amxx plugin running! stopped.
L 09/18/2016 - 16:48:39: [amxbans_main.amxx] [AMXBans] AMXBans 6.13 is online
L 09/18/2016 - 16:48:40: [amxbans_main.amxx] [AMXBans] No Reasons found in Database. Static reasons were loaded instead.
L 09/18/2016 - 17:13:39: -------- Mapchange to ze_military_v1_exp --------
L 09/18/2016 - 17:13:43: [amxbans_core.amxx] [AMXBans] WARNING: admin.amxx plugin running! stopped.
L 09/18/2016 - 17:13:44: [amxbans_main.amxx] [AMXBans] AMXBans 6.13 is online
L 09/18/2016 - 17:13:45: [amxbans_main.amxx] [AMXBans] No Reasons found in Database. Static reasons were loaded instead.
L 09/18/2016 - 17:38:43: -------- Mapchange to ze_parkour_fabi --------
L 09/18/2016 - 17:38:47: [amxbans_core.amxx] [AMXBans] WARNING: admin.amxx plugin running! stopped.
L 09/18/2016 - 17:38:48: [amxbans_main.amxx] [AMXBans] AMXBans 6.13 is online
L 09/18/2016 - 17:38:49: [amxbans_main.amxx] [AMXBans] No Reasons found in Database. Static reasons were loaded instead.
L 09/18/2016 - 18:03:48: -------- Mapchange to ze_chaka_escape --------
L 09/18/2016 - 18:03:52: [amxbans_core.amxx] [AMXBans] WARNING: admin.amxx plugin running! stopped.
L 09/18/2016 - 18:03:52: [amxbans_main.amxx] [AMXBans] AMXBans 6.13 is online
L 09/18/2016 - 18:03:53: [amxbans_main.amxx] [AMXBans] No Reasons found in Database. Static reasons were loaded instead.
L 09/18/2016 - 18:28:52: -------- Mapchange to ze_egypt_two_lg --------
L 09/18/2016 - 18:28:56: [amxbans_core.amxx] [AMXBans] WARNING: admin.amxx plugin running! stopped.
L 09/18/2016 - 18:28:56: [amxbans_main.amxx] [AMXBans] AMXBans 6.13 is online
L 09/18/2016 - 18:28:57: [amxbans_main.amxx] [AMXBans] No Reasons found in Database. Static reasons were loaded instead.
L 09/18/2016 - 18:45:56: -------- Mapchange to ze_jurassickpark2_lg --------
L 09/18/2016 - 18:46:00: [amxbans_core.amxx] [AMXBans] WARNING: admin.amxx plugin running! stopped.
L 09/18/2016 - 18:46:00: [amxbans_main.amxx] [AMXBans] AMXBans 6.13 is online
L 09/18/2016 - 18:46:01: [amxbans_main.amxx] [AMXBans] No Reasons found in Database. Static reasons were loaded instead.
L 09/18/2016 - 19:01:00: -------- Mapchange to ze_assault_escape2 --------
L 09/18/2016 - 19:01:04: [amxbans_core.amxx] [AMXBans] WARNING: admin.amxx plugin running! stopped.
L 09/18/2016 - 19:01:04: [amxbans_main.amxx] [AMXBans] AMXBans 6.13 is online
L 09/18/2016 - 19:01:05: [amxbans_main.amxx] [AMXBans] No Reasons found in Database. Static reasons were loaded instead.
L 09/18/2016 - 19:26:04: -------- Mapchange to ze_black_train_v1 --------
L 09/18/2016 - 19:26:08: [amxbans_core.amxx] [AMXBans] WARNING: admin.amxx plugin running! stopped.
L 09/18/2016 - 19:26:08: [amxbans_main.amxx] [AMXBans] AMXBans 6.13 is online
L 09/18/2016 - 19:26:09: [amxbans_main.amxx] [AMXBans] No Reasons found in Database. Static reasons were loaded instead.
L 09/18/2016 - 19:48:08: -------- Mapchange to ze_jurassicpark4 --------
L 09/18/2016 - 19:48:12: [amxbans_core.amxx] [AMXBans] WARNING: admin.amxx plugin running! stopped.
L 09/18/2016 - 19:48:12: [amxbans_main.amxx] [AMXBans] AMXBans 6.13 is online
L 09/18/2016 - 19:48:13: [amxbans_main.amxx] [AMXBans] No Reasons found in Database. Static reasons were loaded instead.
L 09/18/2016 - 20:13:12: -------- Mapchange to ze_jurassickpark2_lg --------
L 09/18/2016 - 20:13:16: [amxbans_core.amxx] [AMXBans] WARNING: admin.amxx plugin running! stopped.
L 09/18/2016 - 20:13:16: [amxbans_main.amxx] [AMXBans] AMXBans 6.13 is online
L 09/18/2016 - 20:13:17: [amxbans_main.amxx] [AMXBans] No Reasons found in Database. Static reasons were loaded instead.
L 09/18/2016 - 20:38:16: -------- Mapchange to ze_amazonas_beta --------
L 09/18/2016 - 20:38:20: [amxbans_core.amxx] [AMXBans] WARNING: admin.amxx plugin running! stopped.
L 09/18/2016 - 20:38:21: [amxbans_main.amxx] [AMXBans] AMXBans 6.13 is online
L 09/18/2016 - 20:38:22: [amxbans_main.amxx] [AMXBans] No Reasons found in Database. Static reasons were loaded instead.
L 09/18/2016 - 21:03:20: -------- Mapchange to ze_area51_lg --------
L 09/18/2016 - 21:03:25: [amxbans_core.amxx] [AMXBans] WARNING: admin.amxx plugin running! stopped.
L 09/18/2016 - 21:03:25: [amxbans_main.amxx] [AMXBans] AMXBans 6.13 is online
L 09/18/2016 - 21:03:26: [amxbans_main.amxx] [AMXBans] No Reasons found in Database. Static reasons were loaded instead.
L 09/18/2016 - 21:28:25: -------- Mapchange to ze_assault_escape2 --------
L 09/18/2016 - 21:28:29: [amxbans_core.amxx] [AMXBans] WARNING: admin.amxx plugin running! stopped.
L 09/18/2016 - 21:28:29: [amxbans_main.amxx] [AMXBans] AMXBans 6.13 is online
L 09/18/2016 - 21:28:30: [amxbans_main.amxx] [AMXBans] No Reasons found in Database. Static reasons were loaded instead.
L 09/18/2016 - 21:53:29: -------- Mapchange to ze_black_train_v1 --------
L 09/18/2016 - 21:53:33: [amxbans_core.amxx] [AMXBans] WARNING: admin.amxx plugin running! stopped.
L 09/18/2016 - 21:53:33: [amxbans_main.amxx] [AMXBans] AMXBans 6.13 is online
L 09/18/2016 - 21:53:34: [amxbans_main.amxx] [AMXBans] No Reasons found in Database. Static reasons were loaded instead.
L 09/18/2016 - 22:18:33: -------- Mapchange to ze_blackmesa_v6 --------
L 09/18/2016 - 22:18:37: [amxbans_core.amxx] [AMXBans] WARNING: admin.amxx plugin running! stopped.
L 09/18/2016 - 22:18:37: [amxbans_main.amxx] [AMXBans] AMXBans 6.13 is online
L 09/18/2016 - 22:18:38: [amxbans_main.amxx] [AMXBans] No Reasons found in Database. Static reasons were loaded instead.
L 09/18/2016 - 22:43:37: -------- Mapchange to ze_campescape_lg --------
L 09/18/2016 - 22:43:41: [amxbans_core.amxx] [AMXBans] WARNING: admin.amxx plugin running! stopped.
L 09/18/2016 - 22:43:41: [amxbans_main.amxx] [AMXBans] AMXBans 6.13 is online
L 09/18/2016 - 22:43:42: [amxbans_main.amxx] [AMXBans] No Reasons found in Database. Static reasons were loaded instead.
L 09/18/2016 - 23:08:41: -------- Mapchange to ze_chaka_escape --------
L 09/18/2016 - 23:08:45: [amxbans_core.amxx] [AMXBans] WARNING: admin.amxx plugin running! stopped.
L 09/18/2016 - 23:08:45: [amxbans_main.amxx] [AMXBans] AMXBans 6.13 is online
L 09/18/2016 - 23:08:46: [amxbans_main.amxx] [AMXBans] No Reasons found in Database. Static reasons were loaded instead.
L 09/18/2016 - 23:33:45: -------- Mapchange to ze_egypt_two_lg --------
L 09/18/2016 - 23:33:49: [amxbans_core.amxx] [AMXBans] WARNING: admin.amxx plugin running! stopped.
L 09/18/2016 - 23:33:49: [amxbans_main.amxx] [AMXBans] AMXBans 6.13 is online
L 09/18/2016 - 23:33:50: [amxbans_main.amxx] [AMXBans] No Reasons found in Database. Static reasons were loaded instead.
L 09/18/2016 - 23:58:49: -------- Mapchange to ze_ice4cap_lg --------
L 09/18/2016 - 23:58:53: [amxbans_core.amxx] [AMXBans] WARNING: admin.amxx plugin running! stopped.
L 09/18/2016 - 23:58:54: [amxbans_main.amxx] [AMXBans] AMXBans 6.13 is online
L 09/18/2016 - 23:58:55: [amxbans_main.amxx] [AMXBans] No Reasons found in Database. Static reasons were loaded instead.
