L 09/21/2016 - 00:18:09: -------- Mapchange to ze_amazonas_beta --------
L 09/21/2016 - 00:43:13: -------- Mapchange to ze_area51_lg --------
L 09/21/2016 - 01:08:17: -------- Mapchange to ze_assault_escape2 --------
L 09/21/2016 - 01:33:21: -------- Mapchange to ze_black_train_v1 --------
L 09/21/2016 - 01:58:26: -------- Mapchange to ze_blackmesa_v6 --------
L 09/21/2016 - 02:23:30: -------- Mapchange to ze_campescape_lg --------
L 09/21/2016 - 02:48:34: -------- Mapchange to ze_chaka_escape --------
L 09/21/2016 - 03:13:38: -------- Mapchange to ze_egypt_two_lg --------
L 09/21/2016 - 03:38:42: -------- Mapchange to ze_ice4cap_lg --------
L 09/21/2016 - 04:03:47: -------- Mapchange to ze_jurassickpark2_lg --------
L 09/21/2016 - 04:28:51: -------- Mapchange to ze_amazonas_beta --------
L 09/21/2016 - 04:53:55: -------- Mapchange to ze_area51_lg --------
L 09/21/2016 - 05:18:59: -------- Mapchange to ze_assault_escape2 --------
L 09/21/2016 - 05:43:59: -------- Mapchange to ze_black_train_v1 --------
L 09/21/2016 - 06:09:03: -------- Mapchange to ze_blackmesa_v6 --------
L 09/21/2016 - 06:34:07: -------- Mapchange to ze_campescape_lg --------
L 09/21/2016 - 06:59:11: -------- Mapchange to ze_chaka_escape --------
L 09/21/2016 - 07:24:15: -------- Mapchange to ze_egypt_two_lg --------
L 09/21/2016 - 07:49:20: -------- Mapchange to ze_ice4cap_lg --------
L 09/21/2016 - 08:14:24: -------- Mapchange to ze_jurassickpark2_lg --------
L 09/21/2016 - 08:39:28: -------- Mapchange to ze_amazonas_beta --------
L 09/21/2016 - 09:04:32: -------- Mapchange to ze_area51_lg --------
L 09/21/2016 - 09:29:37: -------- Mapchange to ze_assault_escape2 --------
L 09/21/2016 - 09:54:41: -------- Mapchange to ze_black_train_v1 --------
L 09/21/2016 - 10:19:45: -------- Mapchange to ze_blackmesa_v6 --------
L 09/21/2016 - 10:44:50: -------- Mapchange to ze_campescape_lg --------
L 09/21/2016 - 11:08:38: -------- Mapchange to ze_chaka_escape --------
L 09/21/2016 - 11:16:49: [admin.amxx] Login: "ToRnAdO|A|ISLAM|DZ|<3421><STEAM_0:0:918644984><>" became an admin (account "STEAM_0:0:918644984") (access "bcdeiju") (address "41.102.162.6")
L 09/21/2016 - 11:16:54: [admin.amxx] Login: "ToRnAdO|A|ISLAM|DZ|<3422><STEAM_0:0:918644984><>" became an admin (account "STEAM_0:0:918644984") (access "bcdeiju") (address "41.102.162.6")
L 09/21/2016 - 11:23:49: -------- Mapchange to ze_egypt_two_lg --------
L 09/21/2016 - 11:23:53: [admin.amxx] Login: "ToRnAdO|A|ISLAM|DZ|<3422><STEAM_0:0:918644984><>" became an admin (account "STEAM_0:0:918644984") (access "bcdeiju") (address "41.102.162.6")
L 09/21/2016 - 11:23:57: [admin.amxx] Login: "ToRnAdO|A|ISLAM|DZ|<3425><STEAM_0:0:918644984><>" became an admin (account "STEAM_0:0:918644984") (access "bcdeiju") (address "41.102.162.6")
L 09/21/2016 - 11:48:53: -------- Mapchange to ze_jurassicpark_a1 --------
L 09/21/2016 - 12:13:57: -------- Mapchange to ze_jurassicpark2_v1 --------
L 09/21/2016 - 12:39:03: -------- Mapchange to ze_military_v1_exp --------
L 09/21/2016 - 13:04:07: -------- Mapchange to ze_parkour_fabi --------
L 09/21/2016 - 13:29:11: -------- Mapchange to ze_parkour_fabi --------
L 09/21/2016 - 13:54:16: -------- Mapchange to ze_ice4cap_lg --------
L 09/21/2016 - 14:19:21: -------- Mapchange to ze_jurassickpark2_lg --------
L 09/21/2016 - 14:44:25: -------- Mapchange to ze_amazonas_beta --------
L 09/21/2016 - 15:09:30: -------- Mapchange to ze_area51_lg --------
L 09/21/2016 - 15:34:34: -------- Mapchange to ze_assault_escape2 --------
L 09/21/2016 - 15:59:38: -------- Mapchange to ze_black_train_v1 --------
L 09/21/2016 - 16:24:43: -------- Mapchange to ze_blackmesa_v6 --------
L 09/21/2016 - 16:49:47: -------- Mapchange to ze_campescape_lg --------
L 09/21/2016 - 17:14:51: -------- Mapchange to ze_chaka_escape --------
L 09/21/2016 - 17:39:56: -------- Mapchange to ze_egypt_two_lg --------
L 09/21/2016 - 18:05:00: -------- Mapchange to ze_ice4cap_lg --------
L 09/21/2016 - 18:30:05: -------- Mapchange to ze_jurassickpark2_lg --------
L 09/21/2016 - 18:55:10: -------- Mapchange to ze_amazonas_beta --------
L 09/21/2016 - 19:20:15: -------- Mapchange to ze_area51_lg --------
L 09/21/2016 - 19:45:19: -------- Mapchange to ze_assault_escape2 --------
L 09/21/2016 - 20:10:23: -------- Mapchange to ze_black_train_v1 --------
L 09/21/2016 - 20:35:27: -------- Mapchange to ze_blackmesa_v6 --------
L 09/21/2016 - 21:00:31: -------- Mapchange to ze_campescape_lg --------
L 09/21/2016 - 21:25:35: -------- Mapchange to ze_chaka_escape --------
L 09/21/2016 - 21:50:39: -------- Mapchange to ze_egypt_two_lg --------
L 09/21/2016 - 22:15:43: -------- Mapchange to ze_ice4cap_lg --------
L 09/21/2016 - 22:40:47: -------- Mapchange to ze_jurassickpark2_lg --------
L 09/21/2016 - 23:05:51: -------- Mapchange to ze_amazonas_beta --------
L 09/21/2016 - 23:30:56: -------- Mapchange to ze_area51_lg --------
L 09/21/2016 - 23:56:00: -------- Mapchange to ze_assault_escape2 --------
